# Logfile created on 2015-06-26 18:22:48 -0400 by logger.rb/47272
I, [2015-06-26T18:22:48.051887 #2513]  INFO -- : Net::HTTP::Get: /login.aspx
D, [2015-06-26T18:22:48.052012 #2513] DEBUG -- : request-header: accept-encoding => gzip,deflate,identity
D, [2015-06-26T18:22:48.052051 #2513] DEBUG -- : request-header: accept => */*
D, [2015-06-26T18:22:48.052086 #2513] DEBUG -- : request-header: user-agent => Mozilla/5.0 (Macintosh; Intel Mac OS X 10_7_2) AppleWebKit/534.51.22 (KHTML, like Gecko) Version/5.1.1 Safari/534.51.22
D, [2015-06-26T18:22:48.052126 #2513] DEBUG -- : request-header: accept-charset => ISO-8859-1,utf-8;q=0.7,*;q=0.7
D, [2015-06-26T18:22:48.052158 #2513] DEBUG -- : request-header: accept-language => en-us,en;q=0.5
D, [2015-06-26T18:22:48.052190 #2513] DEBUG -- : request-header: host => myaccount.uniongas.com
I, [2015-06-26T18:22:48.257181 #2513]  INFO -- : status: Net::HTTPOK 1.1 200 OK
D, [2015-06-26T18:22:48.258601 #2513] DEBUG -- : response-header: cache-control => private
D, [2015-06-26T18:22:48.258721 #2513] DEBUG -- : response-header: content-type => text/html; charset=utf-8
D, [2015-06-26T18:22:48.258777 #2513] DEBUG -- : response-header: content-encoding => gzip
D, [2015-06-26T18:22:48.258813 #2513] DEBUG -- : response-header: vary => Accept-Encoding
D, [2015-06-26T18:22:48.258847 #2513] DEBUG -- : response-header: server => Microsoft-IIS/8.5
D, [2015-06-26T18:22:48.258926 #2513] DEBUG -- : response-header: set-cookie => ASP.NET_SessionId=nlzlil3nysetdn4nfol5fr0g; path=/; secure, U1Kn0w13eeG=0fbaef60-8121-4e52-bea8-d3ddfda90dbe; domain=.uniongas.com; expires=Fri, 26-Jun-2015 20:22:48 GMT; path=/; secure
D, [2015-06-26T18:22:48.258959 #2513] DEBUG -- : response-header: x-aspnet-version => 4.0.30319
D, [2015-06-26T18:22:48.258990 #2513] DEBUG -- : response-header: x-powered-by => ASP.NET
D, [2015-06-26T18:22:48.259074 #2513] DEBUG -- : response-header: date => Fri, 26 Jun 2015 19:22:48 GMT
D, [2015-06-26T18:22:48.259111 #2513] DEBUG -- : response-header: content-length => 21862
D, [2015-06-26T18:22:48.259326 #2513] DEBUG -- : Read 15904 bytes (15904 total)
D, [2015-06-26T18:22:48.259704 #2513] DEBUG -- : Read 5958 bytes (21862 total)
D, [2015-06-26T18:22:48.259947 #2513] DEBUG -- : gzip response
D, [2015-06-26T18:22:48.272234 #2513] DEBUG -- : saved cookie: ASP.NET_SessionId=nlzlil3nysetdn4nfol5fr0g
D, [2015-06-26T18:22:48.273008 #2513] DEBUG -- : saved cookie: U1Kn0w13eeG=0fbaef60-8121-4e52-bea8-d3ddfda90dbe
I, [2015-06-26T18:22:48.300004 #2513]  INFO -- : form encoding: utf-8
D, [2015-06-26T18:22:48.306620 #2513] DEBUG -- : query: "__EVENTTARGET=&__EVENTARGUMENT=&__VIEWSTATE=PVnjDObfjeNwlLrR3mrLhac0cCfl10MK0gCTltHr67QKyXKw9fvoQRMJUK7ukVjWM1lDoAvOUhmX8gizNly2R9supEGytLwY40fTZZpbrog5vismxuczOruDpCmSQgJiqwCnR%2FzTYXsug7Ce6tpZ0VhsPzDdP04ZWOnjyJIQz3fyb0iJ9VoQU9zEp9Kv200sHz6p72E8EqTHDDzRfxhoP98tAB2dHDefhfv%2BoDqqtp7aY%2Bgs1s0IKVmp94OOcnSqmhkSi5Jrta%2F0yepN072IHiFdHLMWaLqBH0GPJV00j0d%2B4WkN3Mc9axrN68xh7CaI%2BjULcCNRJvv2vOIs2TdOxptHDsg1HY7Cbk6hiMwh0UrEZgTJuSvmhCAksKfPNJLnMvLdDka2bAXUDChN8%2FzQO9iqWZNpOHmId99n%2B6X9tNytJ8nO06N3CDPbIAo4mQa1W2ZzyUW38bBQyH3Kpiwh%2BSvz5kUEZ9xRYOLFNiXIggsjMC3jqbmC8v39fv6SGvfdsBp7Fhsb3gseAZ37qEClayMmr4vMbYuEjE1KdyaJf%2FoeGLhJDnk9kHv%2Fhdlex75rE7cfkM7kS3yk82ece1eGlhhKJNjQamM3HESCm8TPQW%2FcFq%2B%2BAjkNHzi5mEy%2Bu4xYROIoCGipl7mcsfxT9jrZglD1yBl%2BsRZxK1OTMNB8hv5jQMjRiIKqqpbqickcy7jDar4VGgJk7Kqigp%2Bx%2F%2FSnKsUrYXxCRSS0IECFG%2B2pIciXm4kVufMvE%2FvUN8VIWZ94IUa3g92UaWTnqiXayBP41fWtiPoU2hO%2FK%2Bltj4qvfhr%2Bgqdk6JmxRbHFBL%2F2811QF%2FpnQbqUbBdtboXrZULHADfUSIQ9EPyi79nIAoQwC4BESHkqXOkNgZU6Mj6%2BFkGDE04Hnh6OeunLM1wP6jKG9EkA%2BjCDFbl71mcij3aX6kQ1R38yUqOdDoo6CIT6%2BAqyiCFTl2%2F6QtXSkAfdfHdrp81b1eLzbjuHEndWPZs8nT0cLRc4JKDmQRlZDsqgjykqtva4SAaHK1Dio9HSCrKmMB6u0e1rb6B43gEjBOHv6kDdOj5vLg%2FgGQVR%2Fit3BHw2JUAA1aYiSRdG%2FRBQsS8hZ35%2F5wS4JktpKAQXbLudZtQGFWVPxOYra%2FZ0vCPVrH%2BKvljwakSUobA4KAFAk%2FZvrmt%2FzTBchy54frHb7q6HcY2QippjtWsN0tJYg4J0B5A7mxtnLl4KAIIMPFSBTHKR84Uu2opB5I37s2TE5MgVw%2FEGEU91vttzxqVorTu1HHO%2FBjQ%2FKuZ8Sd5sbhHlhU4MHmiSazzo%2BEuy%2Bm65JKzxrOnlFlX67cP8rXJf4aFx8ehhV4DslphDhdSYk7vN0mIOKfaPhkfjB67aydD6MFfA8Io7Gu1GqiNM2eTzTk3lRfpVxBhZDVoV09QoMYQgKVDOWlnjXD%2F0r%2BQRQ%2B%2FQV2zzQxH5geuDIt9Mq%2BtNqWsWCZRJuluo8XIcrb0z7QK%2FwM32TmKUQqU%2BKeHwQYFZ%2FpuTsYWvpkimZufzJk9nrp1Jaf57EZ%2BhaqEQA4B1772YCnYV%2BPjvk1WdryuY4yzUhf9uFw8%2FvTP6eJXl9ebXT9RNCOb59mQ9m4Mv2BSlhq%2BHVam%2BII8593SpAtO9NhWqaZlRkAoMU7Be2WRZsiHTpeNnjSQfBhZHGOuqqkCurQx7l387c7bU%2Bs%2F6Xrk8nVyD9RcsRn0Y0QEkz7r4wMB6ZgnxSvZOoJ4Z1b1l%2FCFQZgLfGDkPvN%2BQ5GxF895UwwbNEjgu0wZjzfPPQPy2t23899zOo74KzwNszKTjYp%2Bs1jWuzOhTOM0t5Rk4fF771An0IAHTr%2BznEZ2RswYhX0qI%2BA3zwSi9nyxDY881xK3C5Mj0oLRIJOhp4XlS3vx%2FnydvDFJiBgOiR8vyt3POsfa4X2xN7b3itIGi5TqNHtGe4xXAFcq4zfiDrCknvDXQS%2BvnB%2F85UWos27EjYHsVZaRfXsJXksn460KfZ9n1LiqC7CvsjUOi4mp9L%2BsOATfmwG%2Fc1bGxYsEAlPa3a0zMtO6ucKAfVwtdAiKztsbBk735yk3zU2wzCWCZVmTef%2BRHO%2FgQFNJURYXkARS8tKcgswh1utqpRCQsq28VdIYIZzIQc6%2FLGIFJgzve22dKwNjlXMp%2BxxKkQQ8L1R11Ltj%2BSmIoQmitpkX5UWOr9uc6TWAC36jlYmDGNJJTmMZFlRV9xOVcA%2FOxvCfmHkjgFNwmIx0ut3uKlDADU6SjDgGqTwiHRfiSrFS8KTuOBSR6vE%2F3J7jPM8uOKu8qqtrHyuqJ7RbqokjbncGsXSmBTrQCxKBuG8P3t7lDS%2B32cBnb%2B2Xuh%2FwjwBB7FZcb7OL0%2BJyrxM3QUTICJye93YDjHsL0eIrPw4pUBFVYRv45gCe09Mc5dhHHE0FGiKoq89IzjQRxdHcaX8HF%2Fl7648BSjtUvObGppCy0H56BTxT9dpvmmgoHXQqyLkAWLZeEjYW12LxQv3nfduM2YyT9WtYPI1CHdxc5QqXRcVwk0ADjW%2FysVs6XDXyXz8fGeKBrQdfXBbwte7WL%2FST%2FAKOGwfukdCKnEacMCVK%2FWp0LqjuGE1Ptr8Q%2F2CcB9LX2ey4JcZS4WmXAB%2BN9Qf6k8qV6JzvltegFbCZ5l3tk7dOR%2FOYb4oi6o4%2Bgnl15mOBCcLKCreQXQVDIx4PsyWN7m41Q12UtkrK7nBRc%2F2VviKTGL6N9T6iPSJJOFq1uPVA%2BtMljpocwYJyLvss7UOEz9M833vZyXOgF41V3RcmyU9UB1O%2BQRy2YuCabj7%2BL6p%2BCzzXGFr4p2oP%2B9dw1FlMzdN3LwSSoALIJK8b%2F%2BHOVeLKq%2F02h8Q11ps3aWFJ7sW70VVD5UcYEEVyZWmpRWgsOknkuXZk5PdUDxbkjJeoWJzjv%2B7QXgGr4bSSX1Re9LOGQFeH18Lq5%2Bx8zkdZ6bvHFgpeO6pOA2%2F%2B0Q8NojlwWXGcrwOF0zD%2B65sgmuN3u08d17xT2k7itDNhef4ehk%2BGCrDaGaE6P2BI5dEsrLUcsOOfy5apojU%2BjnVi56gDsJGGD56NDI6rxT4f6mIWEYvvcFz1q092IB%2Ffk4tUs5s8XCUlBAftM89dqar8aPx90BuEIRa0nG8LmHICuvm%2BAI7IszRqVxbagdA4txNzOMqZAM3YTYcJ%2BKm7yXw3uWR8dlSlfvK7u2fmpqdDdU1Uj6fGuLVxUMz2d0nFYDAWgtnoL0BIrnFrbBpTUwfWR9fLMVSEI%2FAypQVZHgNKxckIqmV5BczIKqtJgh%2F8CarU8a%2BMOyePJZAtRWTbkjWi8AGgKoZArSB7Z4tkaLpsiVdnrGtNa3oUBMDtvVkfUpdCMD681eYmJqE%2B6DXnolyTvqzEesKj0yoZ8XFKd%2B8VRnkKKM63bPy81qNU%2FSrrRVho8hbIZhDmZAq5JJkgumtBMVzPY3LMXGO6ajc8Heak%2FlQsAtwgtvBHajQlhYZB9LsCiGKo1OAyEWkl4H2AmTb5tExcmgDixoFbjct3IJLJVhAaNDQTp0MaiSLmoKoi5Q5FEuYrUCDOo2Da48PFbWuz0JvHXtJyyZXtII6z%2FJTGZb9fFg4nfqnTnWjqi5PgJ0e0CnUtqIt6dcZIOq5O6AE6MfNKHGb2FdEc80bGr92wKO0eGD98CRolrI6zMjjiCgFgxwEa9C5EskSVXIB%2FF9NmVtVeFvn3dWzara7wqKGnDFt5IZZdyteRHtWcvD6Z9V8xoXYculhjI8HYj%2BdqDrJEaRCXe%2BbKs9OmzCDIHyxAi99noC9KaHyCQuY%2Bu43jgRwap04ohR%2FscJS6uYa29MjSUHD%2BPUYT%2BOIYZT6hP6B7cd7JZ1bSmlpRzf%2FGlL2wE7LVpb5IpBUGo%2BCaljLi2MZNpRae7NSSTrtlkYFpDuPTt3o28Pxxa0Mf0ka4FWTPDis1aGJJFNbiQ7prtTVqDnXtfJVZqPu0%2FmWUSrN9oxOU66E8NtghIuqWKnWklKf0TpXpj1oH8hzal%2BIVPH7t0k5mfgS%2Bltgp8ivnjpY6%2F%2FyB335NIw95YIKikf0uTPTmjBRjrdiNhNjhWvrRlEzcLNI5lAcmuSrUIczl5IS3ZdG%2BKDqs4n9UEpMRdp4zlYVPLTRF5fMtg8Kt7sIjhK91Mo5LZpTiVsRJbaW8FIrQ%2BmFOLJam91vqbqs4yG11qMnM%2FolddRD3u6HS6Uvn5VpaCVzMEc%2F1q%2FcPe2uYOqjAAHEPUQ%2Bk8Kq91XuEh2zTDNyrpeYfXFHo2aop39GUnWr58DPae6FvZp93LK3qyx5mzKlGYyiMKolqjhnLEqXg%2BSqwzykvkyV2Gt8BQ9Q2H%2B1iL1w3KqDEHmvQiKYsWGZgggJFZgcbqMQ8SSeLSqNQV2DuyBJn39L2qAnboeY6%2Fz8wqJBOK4djVt8TXKQ2kHWDjzJwQdomc4tL%2FpIhWHamU0I5elhZdqN8bYJN%2Blwx574yOcr%2FJjnVuCzvPPYkhK3nPVUQE83O9vX9UQXmzj6Gc68haI9e1fhtaY0ucsalJ4IMesDslmt%2Bo8a3tk9UzzB%2FYVaKU%2F53cF78It30qQ5HtgPmi8cOZ2FNoUJXwlXahp8K5o6EuYQyvkCuPwHpyBqcA0NKJlxd2f13ZSCHpWUDLDfal10HiQaeV%2F0IWmwNrVhfiTQGBwhSKVVX%2BRUO%2B0bmhaZNx7x2Zx2CcvN6KSppAv%2F04L8LJhbiAZypncnd7AMpzjcgBpBKfn7n7tWgGK2fpXJS4GUQnfBq4EssfGIps0tiVxGgs1OK443rlpLt59pBhnKUont%2ByvMHbBaRMlbpfuUx220SsMYjAhx%2Bh2vD2qodQavxhp%2FKpIy5tPvPqmjdZEbbbGsaQIItm0hiMjKaGik6RLzhC0DTEMSCYF6Qrr1aBbHUDyomZ0K0mE%2B9r80eFqyBLwlNeocl4TrxqSOFm%2FKgQnHbWDCU9PqWtxnXrwFlxoZTz%2B3%2BjgHj%2BE0wgR%2BzLq0LuQZx9bCg7eAS9ojkOqa8nTaq59dMcD4UQHimPsRLaFXqkyuApyNGGadVbWKcF%2BWKGXGtbO%2Bvso2OpCTOL7k7rmK2ngTrPTPQa2RUrkc2QcvSNiugXT8mtib4xfbGEuvXGEGl5Tpn0Kd2m2hU8HEGW87KDcKHibJdmlJT5Rw%2Bi52tMcR%2F%2FBeVxkM9QwAe97mMgiUK4TPiC6klZ3c10dGm3Eu4%2Bvl78hEgWZiFTZtrfeWegdV7rVtN5fwd1pFZN752%2FaeME9yR5q1iVF4qJYWp6g49SgWhvOdHiluMzHeQIzrJMOOwPqh%2FVwwa9iJat73OcYnNow2zuFl3d9z1v03nFO01Ob5nYPpLCe%2FWvXNPI%2Bgv5bC%2B%2FR6GjdWc9aIfy8qncxNHfFfHr9WwmZp%2B%2BDn494T0QcgQNP3TB3b7CZfbRyNf1Tp5ery80DxN21P63j%2FXysbaxuKr6Rbnw%2FVunA18cDFJPzgBUEV7dWXuv9faqJJVMToXa7f40BO94qNZL%2F1VVD97liv3qn8AYMqDbWgScUuvqlz3ikOw1Zu0bG9EmFcfWTATUgdpBbkQ8SrzsSf2RjDqND0n6YrwqOEEI2d%2BCFNUoygparoysB8bcTBx0uKlmal0Tvr5ccI5gILr%2FgBrPOozge8RTkElGYV7jpgh5V2eS0y3O6CY57EFsxMMzqwhUKMPB0f7Z3C4vwHNich7IWMpfG6VYVa977ZaPF7NaJ5vJ7CLjjO%2Bjms1J7sTc11AHNrjyCovB8nIP4PoGiWGcZec5Bgnuoodxnrf%2BRsXeZOYLWjWBgdqctFVlIwzDz5vIZ8%2FB2WQHqi3XpOB7zz2Tugr243k2QPfk%2BWPqYpnjpfIkgLcYrrR%2FKjM%2BzKC2ZR82BS0om8abVRXF4MZBpqHq3aj4fQ8auiYh9BjgnAhnw4IAzeEdSKDEgxj%2BlMgzZRCfk1j3QPmGEcIE5on5VJIGZaJ14eW9biJJ4HTUQeGJBea3Sgp5HjH0kVlXLmMWRn8fBv4%2FYNpkKCVVScsLQhvoH%2BdgJlDUOUp9xmObOK9JMDwyDX4hPVsjzqUKj2Fw9vOwwiscakyO0HRrsBGRRuAk0jIQY78jWleFERcmv7hzjWGu39mWef3QzSIqceKZnujPMEcnFlPaEW8bwHZmoSKH4ga9QNmbDxFgUF19rqo9ZFBMQYt0QKXrupij8eO8lzNplzQ61MCMug1WvAn5mF3NisrwE%2BBR5h5VAneJL48Y%2BaH%2BmgCDQAuBUUpybRFKDl4Q7gEW9OcBAedKGMfukM7%2FGnm1ISeoO86mzbFYe9dRqlYETz43zIMW21C87KVdGtd703mDhMBsqfmuaGjm5ce0h8fQeu2Qgz9nIqBQ%2BI5PIQiIzJjXzDh6syHZv%2BVmIx%2Bspgioag53f1bnt5YpLm1VgFvaBhXUiGsiw9lQUQP3XvXTVaGqw8AqeyvXaJSGYkhC%2F0l5v5vh48n81yZr7zeI28s5Ua58jlJ3tZDYR2HEwLZfboAF7Gq6ejKVj1EYtVqlSShRf3q%2BMwFf6CNi9oHT%2F533Qw4qAbqHRH%2B4OguV6VQVM7Ra08TOMqw7G7RYtPIdHXXmdVGSFcXb6hMuYv%2BQPToQ4nhzbowZyOH3QfGthwWWveFDq%2F2b9drh%2BQTD00O0BczlGZzoSmb1atTME%2BM%2FAB7E45cePndq2uIrJGZY%2FzEhpl6F%2FMv3PT%2Fqh72txtbS6Sosrk3HtBODcmfADzlkohPb70gM2gJG4kRHp3p8SsuQ2z7x8UFcR93hCFfQm5wR%2B21m3%2BGnZBop44NkoE9TzXhcnv%2FeKj3rWw2iJCGemYKS8%2FemMiCcC3pnm%2BmPChyJhzktaRjOGpRBNRm0hJDyg4wqzILDZ6tgbk5ZbUmjHmY0tHTUqI6IkEZTTSkCGdFZtu%2Fz1UNFV7cFQr8AYvenzh2P6jCy9UE6ztaNXYWq92B7vKuTdh9HQgP%2BriIg3LgFlNR5buXSTXZLro5nMKekiRq9mzixnKQRx5A4BR0A0MYFliFxuA1Xcu0y2s4gU3jftidccUj%2B3cPNpIrhWZ839R%2B0vps1JNMPvCIrSSEIC2xSIcVSgHdVe6Q8VyAewSmU7BkC7c%2BJFfCAL30%2FcQOUAFVdmcMi9unBhcVF3fVgjYJng%2Fj%2FCD41%2BStdPLiGoBCxYI5SQCQIHgmqr8kFj0jKCvX%2FLreZKBzGnY9r%2BVcRoA3NBaWXp4cGWKVDyTO%2FAz0cYYl7FHnpc9RRU2MK9GiRD0NoHkqwBadii2HHKv0LslO%2BKJyAMA72VU9aqFuSAGF79CmjKK%2FYr3D5OJRSzyYp8CvyuHg24QTbYlky%2BBagIXJ2owR5f8CKSRc06N2%2BiGliTNtaHEzhprOjpME1%2B1BvdyfQbLLOnEzD%2BnKU5loFiTQbg6lsQjmgxku9RyVewH%2BaVyRAcMWJLvVPqJfPEsJVEVFbNHWZtoiNZYgGur4zO1Dx%2FRKo7Nvm1rxCg5yu6eXR3NCpXq2qfbykiXVmogSMgyEEAgKPTopNl4wUZVxv4OH3Iw3d%2Fu6xjfH00e97eAAty91esMcg%2FjkJi7V3o%2Fq8ZrO4CkMJPk2TgDX85ylGTksZVZ848onWudr7z3w8DrwzJ5gB4K%2BUQIen9zr5d7WLoSgYJqNt5QaSmai5HKmE0xmFMWzoVGuGuz%2B%2B1vwck%2ByQFhT%2B3m8YWQA8erOq1WAkQPbHMU3GdfD7gNoDO7Yk2dkADqPdHlpGlqH%2FNYQAigVu7kFo7Y8U3XHUPPjh03Bgmoo%2BSV4uD%2Bs9ztnsiz%2FvSeiWH0xFeKoynltkYHz5BtWXyUjMHkG2SfJpK39Y%2BlpmLTEXtimB0BtcjUr6iOB4aMdJUzcJ4wMKmX0jf3165mzca1VuJaqSPPi1fH%2F%2BjnuI%2FJOIi%2FnJgQq7XdeRgH1Gc4dD3ShFIo2qjtXHCHFEr4psutbWeeduoQguzW8aLRmJLwRGCPe5g22lDQIP3Yznki3cKnIm9o1XQ4OjMa5%2BFwIjwTO1CjuChQkmXAQVq4YVo9e9gb0hVhCu1Gktnplc%2BTBSXsTKCKvPwU6WOsSVYvYLdvA5VMiihmNlPzDzIDJlTHzVIl7tyWcYgUvfsbE5koqCzl4r8iu4xgrE%2FiRiWMJCFS2QqCn6aEfV4yr4w8fUrYH3CAtY73%2B1nkrq10JWRId73oXHzeer6aLXLVtHYUjSVybEYK0eD8DTfnO5tLW0XD3QFvim6UZ1CDlj%2BDKTkJJlXst43Glbe8bj2L991xTpxxj2BuyiPsOBdRmTwuo6DZPA4UCxX5ZxtslyQ8EmpvyEhsvMEK%2BigH7f4vzSVeb9egwoqExDoNbieMvSwME2H1MdX4J5CCnl89OBYg5ANcNpZDg4YLEmm5bL3V41HeZWVAW%2FmxkV0EgBtzzHEupfXCuEJOgLceIN8jFbB00NJ%2BeGrybD3rAp1q%2FR%2FS0a4OGAxm1AcyWq836Cicks%2F9U%2BlEz%2BYuNK556SAalomCxQ1b15cYQGofbLoEAkh8XHXD2t2zdn8xzxRE2SMfD9Px8nH%2FyyK4PGFB1yKAJIY3cyxUalH7EOBlWwlLgHf7ER5Zdb83qzuaQw0cdYd2xrPhmcpWDMEg13dkFapOzBjryR2B%2Bnd1K7HQDTVF6tN%2F%2FwSaeXc%2FzG%2BZffMXuHIv0xbeAb6TFdBQDxE5CasWvGeuBueT8yG37MafDHwfJnjg%3D%3D&__VIEWSTATEGENERATOR=C2EE9ABB&__VIEWSTATEENCRYPTED=&__EVENTVALIDATION=eWLHLrPYvgH43XJbBgGVI%2B1QScJOTv7z%2BJz%2BYN78zKCYYK8fQxw4REXAUAcZtGNzP%2BJ%2Bu%2BIAOAnGttHrp%2FEQQRWlcjfp%2FRVnMxbUcdPLe2D8pvcLY1OTb0buyWvfOcRohhHsElgrTaX%2BICKUfkrHyOCEmEToaleWypJaapT5L3gHtBHTIFY8O5SsDWvZtDYxUmwSnFz%2B4cqZaigg4Tof4De%2B%2F7pGIGtdqkL85q%2BwfDHlgQLtKJnAXG%2B9aksRcoZqXn3epXMJr%2BDBermI7BF5V1jtXasIaVp5Sauyz4Be3M0JAWzBFaqKmk%2FbFVjMrlEvMmMEZMf7Qb2CDBacsnaXXToGjzjICQh48fTl4UiBeAz4HAsV12ZIUsWmRmwcy%2BtcD6s%2B31p62Mk23h60bcLGWiUbSvtDt0On227HdkTH%2FonOy4QJoJ12uPemWDoTKBg05nzIydy9Jm%2BEU0XMJsrbEgHezQGTNem%2BM43I%2BCOYaaaLmCB%2FiWnBJOo%2BOOYseLAW6z4AkmdUeH3PSfp8jKQz7QPwhFt%2BQTqJFGvzU%2FFZKDNCD4Urx0AuXaVlM9YzS0DX7%2BMCc7Cq6xBoTS8fFMsW8Hzhvi23SYMReCayVWFf3iNnhzO5jqcxqVNhMvNb6C32x1SwTiiaiwjK5bEVVKcKwa2SPOqdQymC%2FPxL1UFSkYcVHl9biFUDrtxpcXSLKw8EbJ26b5lhomxegb2b5VG%2BzU46Hof4Vjvr7J9M9%2BEROmsV05jp5lsrbg7fS9M8dkJRW26YF5uttqCitdt%2BsqCLlu569RjPPJ0jU2o18IdeN3bbhWYuKr7GH%2BsFcByHHArPdTREs3BodawWdehPkeY0woksKbfNlgTcKr3w%2BEoixFUu5%2FdOu%2BpIr4yMZ0hBsUlNvEjrYehqQM8qTnykIUR26dHesXIsac4msuOuTbYtV7lNyRH9DlBInrpCqJrNLDWX1rL1N%2F8ICOL20CKTxWyVJJkAvHqPUnlWiJIq9VooLx5XTwjKxSGcOOlgNiBhQhoyukxfXdBYkmEcg0lf1bSp8b8i%2Bve%2BdM5SiKC0Ez4n8tKQc2a%2Fh65M1LSucBkLcCos%2BVz9%2FsTGRIYyMxe3MjNChoqUihLAGewANeEUWnuooe%2F%2BgAGs&loginFrameUserIDTextBox=j2mcorp&loginFramePasswordTextBox=bridgeport13&loginFrameLoginButton=&resetPasswordFrameNewPasswordTextBox=&resetPasswordFrameConfirmNewPasswordTextBox=&forgotUserIDFrameAccountNumberTextBox=&forgotUserIDFrameEmailAddressTextBox=&forgotPasswordFrameStep1Name=&forgotPasswordFrameStep1AccountNumberTextBox=&forgotPasswordFrameStep1MeterNumber=&forgotPasswordFrameStep1SvcAddress=&forgotPasswordFrameStep1PostalCode=&forgotPasswordFrameStep1PhoneNumberAreaCode=&forgotPasswordFrameStep1PhoneNumberPrefix=&forgotPasswordFrameStep1PhoneNumberPostfix=&forgotPasswordFrameStep1PhoneNumberExt=&forgotPasswordFrameStep1UserIDTextBox=&forgotPasswordFrameStep1EmailAddressTextBox=&forgotPasswordFrameStep2SecurityAnswerTextBox=&forgotPasswordFrameStep3NewPassswordTextBox=&forgotPasswordFrameStep3ConfirmNewPasswordTextBox=&tempUserConversionUserId=&tempUserConversionPassword=&tempUserConversionPasswordConfirm=&tempUserConversionSecurityQuestion=&tempUserConversionSecurityAnswer=&tempUserConversionEmailAddress=&tempUserConversionEmailAddressConfirm=&tempUserConversionPhoneNumberTypeDropDownList=&tempUserConversionPhoneNumberAreaCode=&tempUserConversionPhoneNumberPrefix=&tempUserConversionPhoneNumberPostfix=&tempUserConversionPhoneNumberExt="
I, [2015-06-26T18:22:48.309231 #2513]  INFO -- : Net::HTTP::Post: /login.aspx
D, [2015-06-26T18:22:48.309425 #2513] DEBUG -- : request-header: accept-encoding => gzip,deflate,identity
D, [2015-06-26T18:22:48.309489 #2513] DEBUG -- : request-header: accept => */*
D, [2015-06-26T18:22:48.309513 #2513] DEBUG -- : request-header: user-agent => Mozilla/5.0 (Macintosh; Intel Mac OS X 10_7_2) AppleWebKit/534.51.22 (KHTML, like Gecko) Version/5.1.1 Safari/534.51.22
D, [2015-06-26T18:22:48.309535 #2513] DEBUG -- : request-header: accept-charset => ISO-8859-1,utf-8;q=0.7,*;q=0.7
D, [2015-06-26T18:22:48.309570 #2513] DEBUG -- : request-header: accept-language => en-us,en;q=0.5
D, [2015-06-26T18:22:48.309592 #2513] DEBUG -- : request-header: cookie => ASP.NET_SessionId=nlzlil3nysetdn4nfol5fr0g
D, [2015-06-26T18:22:48.309612 #2513] DEBUG -- : request-header: host => myaccount.uniongas.com
D, [2015-06-26T18:22:48.309639 #2513] DEBUG -- : request-header: referer => https://myaccount.uniongas.com/login.aspx
D, [2015-06-26T18:22:48.309671 #2513] DEBUG -- : request-header: content-type => application/x-www-form-urlencoded
D, [2015-06-26T18:22:48.309691 #2513] DEBUG -- : request-header: content-length => 11782
I, [2015-06-26T18:22:48.379425 #2513]  INFO -- : status: Net::HTTPFound 1.1 302 Found
D, [2015-06-26T18:22:48.379533 #2513] DEBUG -- : response-header: cache-control => private
D, [2015-06-26T18:22:48.379564 #2513] DEBUG -- : response-header: content-type => text/html; charset=utf-8
D, [2015-06-26T18:22:48.379584 #2513] DEBUG -- : response-header: location => /home.aspx
D, [2015-06-26T18:22:48.379619 #2513] DEBUG -- : response-header: server => Microsoft-IIS/8.5
D, [2015-06-26T18:22:48.379638 #2513] DEBUG -- : response-header: x-aspnet-version => 4.0.30319
D, [2015-06-26T18:22:48.379668 #2513] DEBUG -- : response-header: set-cookie => .ASPXAUTH=CDDE8B118B0DD66CBFD5FAA77F360B10A855DAF17014B7D4C5CE940DF320D0050378438C8C4E57932660440B1620E5117BD6C6DC73B15E53C2E97DF8E0DB1DAC5429C6206DDCC31A7378D984806DE6F627CE1542BF8B5AD307CCB7AB4A6AE31D27740F95A47D63C9336CEEE8F610100083830347; path=/; HttpOnly
D, [2015-06-26T18:22:48.379699 #2513] DEBUG -- : response-header: x-powered-by => ASP.NET
D, [2015-06-26T18:22:48.379731 #2513] DEBUG -- : response-header: date => Fri, 26 Jun 2015 19:22:48 GMT
D, [2015-06-26T18:22:48.379750 #2513] DEBUG -- : response-header: content-length => 127
D, [2015-06-26T18:22:48.379842 #2513] DEBUG -- : Read 127 bytes (127 total)
D, [2015-06-26T18:22:48.380423 #2513] DEBUG -- : saved cookie: .ASPXAUTH=CDDE8B118B0DD66CBFD5FAA77F360B10A855DAF17014B7D4C5CE940DF320D0050378438C8C4E57932660440B1620E5117BD6C6DC73B15E53C2E97DF8E0DB1DAC5429C6206DDCC31A7378D984806DE6F627CE1542BF8B5AD307CCB7AB4A6AE31D27740F95A47D63C9336CEEE8F610100083830347
I, [2015-06-26T18:22:48.380563 #2513]  INFO -- : follow redirect to: /home.aspx
I, [2015-06-26T18:22:48.384574 #2513]  INFO -- : Net::HTTP::Get: /home.aspx
D, [2015-06-26T18:22:48.384700 #2513] DEBUG -- : request-header: accept-encoding => gzip,deflate,identity
D, [2015-06-26T18:22:48.384754 #2513] DEBUG -- : request-header: accept => */*
D, [2015-06-26T18:22:48.384787 #2513] DEBUG -- : request-header: user-agent => Mozilla/5.0 (Macintosh; Intel Mac OS X 10_7_2) AppleWebKit/534.51.22 (KHTML, like Gecko) Version/5.1.1 Safari/534.51.22
D, [2015-06-26T18:22:48.384820 #2513] DEBUG -- : request-header: accept-charset => ISO-8859-1,utf-8;q=0.7,*;q=0.7
D, [2015-06-26T18:22:48.384864 #2513] DEBUG -- : request-header: accept-language => en-us,en;q=0.5
D, [2015-06-26T18:22:48.384926 #2513] DEBUG -- : request-header: cookie => .ASPXAUTH=CDDE8B118B0DD66CBFD5FAA77F360B10A855DAF17014B7D4C5CE940DF320D0050378438C8C4E57932660440B1620E5117BD6C6DC73B15E53C2E97DF8E0DB1DAC5429C6206DDCC31A7378D984806DE6F627CE1542BF8B5AD307CCB7AB4A6AE31D27740F95A47D63C9336CEEE8F610100083830347; ASP.NET_SessionId=nlzlil3nysetdn4nfol5fr0g
D, [2015-06-26T18:22:48.385912 #2513] DEBUG -- : request-header: host => myaccount.uniongas.com
D, [2015-06-26T18:22:48.386038 #2513] DEBUG -- : request-header: referer => https://myaccount.uniongas.com/login.aspx
I, [2015-06-26T18:22:49.156759 #2513]  INFO -- : status: Net::HTTPFound 1.1 302 Found
D, [2015-06-26T18:22:49.157782 #2513] DEBUG -- : response-header: cache-control => private
D, [2015-06-26T18:22:49.157875 #2513] DEBUG -- : response-header: content-type => text/html; charset=utf-8
D, [2015-06-26T18:22:49.157952 #2513] DEBUG -- : response-header: location => /accountSummary.aspx
D, [2015-06-26T18:22:49.158024 #2513] DEBUG -- : response-header: server => Microsoft-IIS/8.5
D, [2015-06-26T18:22:49.158110 #2513] DEBUG -- : response-header: x-aspnet-version => 4.0.30319
D, [2015-06-26T18:22:49.158197 #2513] DEBUG -- : response-header: set-cookie => U1Kn0w13eeG=5ec447de-08f4-4531-bd35-86e531835a48; domain=.uniongas.com; expires=Fri, 26-Jun-2015 20:22:48 GMT; path=/; secure
D, [2015-06-26T18:22:49.158273 #2513] DEBUG -- : response-header: x-powered-by => ASP.NET
D, [2015-06-26T18:22:49.158348 #2513] DEBUG -- : response-header: date => Fri, 26 Jun 2015 19:22:49 GMT
D, [2015-06-26T18:22:49.158422 #2513] DEBUG -- : response-header: content-length => 137
D, [2015-06-26T18:22:49.158635 #2513] DEBUG -- : Read 137 bytes (137 total)
D, [2015-06-26T18:22:49.161192 #2513] DEBUG -- : saved cookie: U1Kn0w13eeG=5ec447de-08f4-4531-bd35-86e531835a48
I, [2015-06-26T18:22:49.161474 #2513]  INFO -- : follow redirect to: /accountSummary.aspx
I, [2015-06-26T18:22:49.166372 #2513]  INFO -- : Net::HTTP::Get: /accountSummary.aspx
D, [2015-06-26T18:22:49.166460 #2513] DEBUG -- : request-header: accept-encoding => gzip,deflate,identity
D, [2015-06-26T18:22:49.166489 #2513] DEBUG -- : request-header: accept => */*
D, [2015-06-26T18:22:49.166516 #2513] DEBUG -- : request-header: user-agent => Mozilla/5.0 (Macintosh; Intel Mac OS X 10_7_2) AppleWebKit/534.51.22 (KHTML, like Gecko) Version/5.1.1 Safari/534.51.22
D, [2015-06-26T18:22:49.166544 #2513] DEBUG -- : request-header: accept-charset => ISO-8859-1,utf-8;q=0.7,*;q=0.7
D, [2015-06-26T18:22:49.166569 #2513] DEBUG -- : request-header: accept-language => en-us,en;q=0.5
D, [2015-06-26T18:22:49.166625 #2513] DEBUG -- : request-header: cookie => .ASPXAUTH=CDDE8B118B0DD66CBFD5FAA77F360B10A855DAF17014B7D4C5CE940DF320D0050378438C8C4E57932660440B1620E5117BD6C6DC73B15E53C2E97DF8E0DB1DAC5429C6206DDCC31A7378D984806DE6F627CE1542BF8B5AD307CCB7AB4A6AE31D27740F95A47D63C9336CEEE8F610100083830347; ASP.NET_SessionId=nlzlil3nysetdn4nfol5fr0g
D, [2015-06-26T18:22:49.166652 #2513] DEBUG -- : request-header: host => myaccount.uniongas.com
D, [2015-06-26T18:22:49.166682 #2513] DEBUG -- : request-header: referer => https://myaccount.uniongas.com/login.aspx
I, [2015-06-26T18:22:51.100697 #2513]  INFO -- : status: Net::HTTPOK 1.1 200 OK
D, [2015-06-26T18:22:51.100805 #2513] DEBUG -- : response-header: cache-control => private
D, [2015-06-26T18:22:51.100831 #2513] DEBUG -- : response-header: content-type => text/html; charset=utf-8
D, [2015-06-26T18:22:51.100855 #2513] DEBUG -- : response-header: content-encoding => gzip
D, [2015-06-26T18:22:51.100874 #2513] DEBUG -- : response-header: vary => Accept-Encoding
D, [2015-06-26T18:22:51.100893 #2513] DEBUG -- : response-header: server => Microsoft-IIS/8.5
D, [2015-06-26T18:22:51.100912 #2513] DEBUG -- : response-header: x-aspnet-version => 4.0.30319
D, [2015-06-26T18:22:51.100931 #2513] DEBUG -- : response-header: set-cookie => U1Kn0w13eeG=fded355b-c9f6-4715-91b8-e62e175f3315; domain=.uniongas.com; expires=Fri, 26-Jun-2015 20:22:49 GMT; path=/; secure
D, [2015-06-26T18:22:51.100950 #2513] DEBUG -- : response-header: x-powered-by => ASP.NET
D, [2015-06-26T18:22:51.100969 #2513] DEBUG -- : response-header: date => Fri, 26 Jun 2015 19:22:50 GMT
D, [2015-06-26T18:22:51.100991 #2513] DEBUG -- : response-header: content-length => 14303
D, [2015-06-26T18:22:51.101083 #2513] DEBUG -- : Read 14303 bytes (14303 total)
D, [2015-06-26T18:22:51.101498 #2513] DEBUG -- : gzip response
D, [2015-06-26T18:22:51.104787 #2513] DEBUG -- : saved cookie: U1Kn0w13eeG=fded355b-c9f6-4715-91b8-e62e175f3315
I, [2015-06-26T18:24:40.344650 #2513]  INFO -- : Net::HTTP::Get: /login.aspx
D, [2015-06-26T18:24:40.344752 #2513] DEBUG -- : request-header: accept-encoding => gzip,deflate,identity
D, [2015-06-26T18:24:40.344777 #2513] DEBUG -- : request-header: accept => */*
D, [2015-06-26T18:24:40.344799 #2513] DEBUG -- : request-header: user-agent => Mozilla/5.0 (Macintosh; Intel Mac OS X 10_7_2) AppleWebKit/534.51.22 (KHTML, like Gecko) Version/5.1.1 Safari/534.51.22
D, [2015-06-26T18:24:40.344820 #2513] DEBUG -- : request-header: accept-charset => ISO-8859-1,utf-8;q=0.7,*;q=0.7
D, [2015-06-26T18:24:40.344840 #2513] DEBUG -- : request-header: accept-language => en-us,en;q=0.5
D, [2015-06-26T18:24:40.344860 #2513] DEBUG -- : request-header: host => myaccount.uniongas.com
I, [2015-06-26T18:24:40.540716 #2513]  INFO -- : status: Net::HTTPOK 1.1 200 OK
D, [2015-06-26T18:24:40.540820 #2513] DEBUG -- : response-header: cache-control => private
D, [2015-06-26T18:24:40.540845 #2513] DEBUG -- : response-header: content-type => text/html; charset=utf-8
D, [2015-06-26T18:24:40.540866 #2513] DEBUG -- : response-header: content-encoding => gzip
D, [2015-06-26T18:24:40.540886 #2513] DEBUG -- : response-header: vary => Accept-Encoding
D, [2015-06-26T18:24:40.540906 #2513] DEBUG -- : response-header: server => Microsoft-IIS/8.5
D, [2015-06-26T18:24:40.541305 #2513] DEBUG -- : response-header: set-cookie => ASP.NET_SessionId=rcfwj4wdhar3dxwszob312vl; path=/; secure, U1Kn0w13eeG=2c3d7bbd-4653-4b98-a1cd-4c5bdfb0e756; domain=.uniongas.com; expires=Fri, 26-Jun-2015 20:24:40 GMT; path=/; secure
D, [2015-06-26T18:24:40.541331 #2513] DEBUG -- : response-header: x-aspnet-version => 4.0.30319
D, [2015-06-26T18:24:40.541351 #2513] DEBUG -- : response-header: x-powered-by => ASP.NET
D, [2015-06-26T18:24:40.541372 #2513] DEBUG -- : response-header: date => Fri, 26 Jun 2015 19:24:40 GMT
D, [2015-06-26T18:24:40.541392 #2513] DEBUG -- : response-header: content-length => 21831
D, [2015-06-26T18:24:40.541509 #2513] DEBUG -- : Read 15904 bytes (15904 total)
D, [2015-06-26T18:24:40.541688 #2513] DEBUG -- : Read 5927 bytes (21831 total)
D, [2015-06-26T18:24:40.541807 #2513] DEBUG -- : gzip response
D, [2015-06-26T18:24:40.547307 #2513] DEBUG -- : saved cookie: ASP.NET_SessionId=rcfwj4wdhar3dxwszob312vl
D, [2015-06-26T18:24:40.548098 #2513] DEBUG -- : saved cookie: U1Kn0w13eeG=2c3d7bbd-4653-4b98-a1cd-4c5bdfb0e756
I, [2015-06-26T18:24:40.557527 #2513]  INFO -- : form encoding: utf-8
D, [2015-06-26T18:24:40.561946 #2513] DEBUG -- : query: "__EVENTTARGET=&__EVENTARGUMENT=&__VIEWSTATE=aWnv1WyzzvUQLOJg%2FZT51qDuQ1RWL9AwS9ADMbVJFlF6lKOsdyFWQkGDhXCqXDMP0mIU5yYidfAGisjhEgkcGf195NVuFGXR9a%2BHRbdvyjg4xBKXiY5Y8c5Slzq%2F4CXmPKwKqWbiwDF77ijDBkGvYGIlqSHDnjhp72ItDm%2BeekTX0xxbSHOIxJwQyYC3A6Hz5ENIjglOc6j1Gvd%2BR%2BzN3cNSLFjxDQOFz6Uu%2Bmf3ygNJnjRUkTyQrGEuE2N4Dsc4Y%2FRD8QjNpsFMtYpgWJ8SZZcYYECMwYmiMsorBU%2Fep%2BrxGGURKHn9Rmvsk5cnvLL5ZdpvYlpUvyhShWorsymxhwCKgxyvdC%2F7M0GuAIFxt%2FS%2B%2BSLkVW8DBLwBPj3fu8n73eQtHwtnC2ZmMu2MgbRb5nKOygXuZZOg5jBZyrHxqflcKD5YanrmiIq8%2F6I2xYaluVmTyT%2Farxofsoq%2FQiKU%2FSo84A%2F4IjZGSeP2TFaQxMAR7Xjl0ZDD6Btkxq4qcpqoMVpEAf9bHpVtnY8FIPIByWz7RP44f%2FF5csBn4Vtax%2BupGKNGdUjvcvZJ%2FqFyLcW14iHGZ2eixto8H8nBbVKPiM6gbwwD0nvq0izrNiD2GDrEZqmA%2BNeRuV2%2FoxOTvJ82YUxLvyZWvO698Kw8%2BjsToNZ3Jt37wlOQ7MMCzoJyKBLPbSnKnk2Cq0teZHL%2BubSqgfoNcWYopK5qipQejHQQmIx5G6WO6GFaXJZBR9IMfyYH%2BZfe%2FSkVjKA6bdCtMTYIDV2Nke9WopA6m3WqibYjLbIseRWpEEvH0eo7NXihn7%2BBKog1rfmx7f88Jqp72wx9VrXJAJnBCWk9Kb0JWptgHXmDXBPMYvANaPP%2BArzSuTFZb%2B0WXDTfb0%2F%2FksRRv1Opj%2BjUmXKKnvkU5P7tl159Z%2FxszVT1tK0fwoy%2B%2B9OjhC716stK8cq5VOeYWAp%2BE3FiAONiQ4eouKn4J9vpENvFRpHLSY9vTi1vGAHm1iEHVedtb7e8qFCMTi2SQyfBAWpyE%2F%2FxSZrhx6w9Y9cqXQANE1geUnCyJhhHSkUQcgmaAK6nE9bH1uMRNl7EEyBSneK141NMvuUkLypwU3kgGexamAwj0BkXs6jxBi%2B%2ByQ5SUUo83ZYoqay0wyYxsQS7aqmDgAxom3Qq%2B2c68gTYWe2yxgUSqK76ZjvbubGb%2FUWWTEZsblFgZtRsSI43iBSjkpKLJ9h%2FndwH8fONdDRhP4I0m2Vai5HHPmMT1lZN7shqPPqUveSR5XqvfjKAZ%2Bx7VKgMTXApT6pTLrcgehLGpQuF9DU5DQVOzOFHAZbF7%2FnsSJxOTyve4nEpuZHodftFUmWPNFlTdKl4ulOavXPHPY4aKzV5mQuMpsYRoBSZ%2FiTkEktTRLF4xt9w%2BUMRORPPlJD9m2F4oz2YxcdGdQJwR1f4ykdtWAHoQX8p%2FrIyiAYsXzaZR89YrTuCkHJpB5Uhdt44DSp4f51nxUromRFdnizXwGOHkhUtzdkBrmUN8ZGdHfb3W8ULHQ9PVxQww9Xx5UVc0%2B248vyYFNW98lpe6jhxGOoA6UD9DdNZjbCQS7LJ%2FSdW77ckA7IrXTjLry90kz9LENxFIMo7fgULIof%2BnMJ7uEEES9uqT0aZPNQudWbVnl%2BA9s24twYuiSoWpuPtH7wzt744CqNJtxrj1O5rlsuQVSisi6yXSSODH5DSJCPhcVmGxapYHawAuyP2Y%2F7QMR22vvqoRwnqUHAjoaW3cueBkCbfOY%2B29aVlzE%2F57gtRSAoJve0kM8%2BMIcJtsX0enk8VR5WuYxAqNbN2gsDF5IB0hGg4vZQ69CkAfA4gCK4VeDw7fSGqUZjdbsByE5OVvc3%2BkoBpWfm%2BBvnreAOTnt%2FOwdIYJvCmdA5iWw0xVPaO4OC3PVVqouyb%2Bi1aAnqsT2mpi1fwYZ%2BIiVOPNLLHr%2BtqZV4SPGyaNMAWK4fVmqAM%2BQ6oE7VhFzQDlNd4w6HTDa4HNB9IIP0AV3aDD%2FqJsGgaPgsBwh0rCPONeZVlH%2FfC0ewW%2BJyDOApBPFGJBHqV0Hu9ZEYayvJX1F7WwAGjiZ1PHODonBjC4ZRMv7ym%2Br0J4mWj8bWwALrsbp5pnjMPcWSZAlgGeE4o9J9Wg4Ga8%2FfHzd%2F58BXM5ABjnf1UwwzSioAPytw19BO0mt%2FXUETz0xA8u8pKnMDR%2FSVWJgfMOg%2FW7qJVTXM5dm6huvxz3yZ%2B1Kgit%2FzOMuV3RlDSdh%2FtKmJCe9HgDuvSsO2hFmHFRWsUyqe1XBIXYhTJMCAPpyV7ybi0mUR5emoqagLhXQ4EFMTOF5P5LlCOUWX8PIVPYH1chWsA15sXmG2ctR0BafdA7uTyltOtKW4oYm%2FUoSWSS81J7rou4HNDu7jzLIZuPuAwoPE8sLbtaC4SkGA%2B1%2FWqRyV7EsLvE78cpQ6sPV2%2BXVFQuCagHk3bjvdrGNm3B4tb0ZdXIxDd0LHRVfueuZaI1SP%2F7QXd4BtNZUAfyqHs3rsCTtWuOx01hMMexOHAJjwsLbM1rSwc9pLN%2BjZ71OJDRYsTNSLn9zE4w4nZiQMtPvcGmZ06fIrCqJY3FKNuY4xsjwnMl82PUl5Y34CjZzNo%2FvFvBsOBqlaIyiyECH52zxuwiuozeVJFy4KpwOJdZZL4hsEZp%2FqUF7lNnZ3sr%2BSQyktvK30bQj%2FwEma0hjVmimT%2FSAhf1VdtDQwOGejUokjfJMHfTqDzaryErPr8cenSnUsIWyznMmKdb%2FjCXOrW2gE0YWHIEBmonw9LBIv6yDFNPZtekae3hEPi88ZBLday0XOpnvF2RYRr1YUCvumxT1nrwhSLISswugG6mNirs%2Br9bct9cZD%2Bw%2BK1gsCquVflET0AEsnDGXbDBISKzW60LhM0UPwKaSpVVTku9T3NDqCwkea7IYcrqs9a1zomFBFIudbadtnq2v1DSX5p%2FOOTwE7D3eb6JbD6bADnrkkxnztaE%2FeBMnTqPLS6Qew70f%2BiPqXRzQOSeWh4GPxMI21gXyAqPTjs319MaUoQCiA1kCqFuShptH2bTTdjmrT%2B4l1FkVFGXWBaqYi47BPbmQquoXHRXPDdVefKpu6DaXBwn4bqFW%2BGc2q7E0tFWe4uXf%2Frj9gf7tgzU%2FgI3HrVa3O7vTUcLp%2FjOPEQN5vaQQInNvMf%2ByQd0c6Yf42bI7nzmzKwu%2BrHtj2kl4%2B5s4z0Rnkoou%2Frle7dkGNSteyJrj1Dyr7gdSLFqydcy%2FTOVnigKqfNFjp2QBaoVJe9gc5YGp3cdxn%2B3gGwt7DWN4NkQqNY26M1N1fLgazA747n1R%2FpEZ5ZrH0SrUQjzFsLGo955XcYxYP9hV7ayWn%2BF3KRGmx8f0eIuwLYooNH8XFUHNkDK025dak1C9p1XKgQWLhdoRZy4Va9M5%2FvGu6Drn7h%2FEYM0P%2BFvJjTNzHudkAMhkCwwrGLQjHwvolh85%2BKmDFfQlqVmYNzTWD5Exx9%2F5Dwo5Zt3rMhLazb3L0yWmvXjHazMc8RwKynDZczR7lJfFfP7Gdix16%2B9TOpEc4DfDcCVpFe63TzhoqGIakclOgDJN6bhATJFhqMJiDvme4ljspY%2Bnumwum6Wk8Q9kwhgtixRQZAlomTMYqg7mxxvX6PXXoWObbcAUqJgkUWCYXaS2mOxB0tyQW87D%2BX7WlmMwL4IX6idRNae2U2jMm219tlhoY8Mj5ppLc4nPUtQ6AkEa3FE2AHAEOrbO5AxCKt3JFK%2BtDwg9ncD09DT9yb9LB2AlutqkydZ25arIl6nGa%2FgUUsggSNsqJ%2BeP5JdMfmnDG6OSIoqizi%2BLWdKa4Jw6n0udIocn5RyWi6JmBV3s4idewsrmqjDJ5YYcSwlsfL%2FPKBSC9Vn6b%2B2F%2B91bcxrhGp2kQYjKmov4UnTpRD7AmviEO9czcMODcCrEnjvEX5md9m2hA8meCx1l0qPdclzWsJzdNAbXAdD8SVOP3aZ1kE55AYfJySheibmXltWr%2BgVPGdTrRVpIw2JJuPrIKo0kKmHTRMRk4LaflDYkuWlgLe1WkHDuzPjmCfTQ%2BIuFV6EeV17VmrstHXvCoiPukXUuWP8vMyC5x8CMSyQooUzCCRuvuiN60a4zM%2FNeez9G70afqMo6ab1mEIZAjEvCFACRho%2FOYBxjlLGmH1EDHNqGdAaJTJVgMHa81wQNi%2FPEpziB%2FitQmWwWxMyIGKR9dU89eSW3%2FD3TDXiLaIi1avLvDSbKxVTd4X9bX6iaKor0oviHSbcm8wbSlDWHQPrW9gPf8ayEsogDmUWi%2BxQI%2B5qta%2FmKa%2FVtL74muRbZ%2FpVGZswHZXkcZxVyvX%2FJEANpfmkxcBqxFZO6BP4lr8aJkjBmrFTRyCeOx2E6bnAKLWRzOvaGVQKy7phNfJdZAfOVZOJ8xuWBGi24GksnwcSfI3KVpwXqLWiHj%2Bz%2ByBBx%2BWi2uCi4ZhD8Wn2U0udLlpGa%2BZinKh7j5lWe3patTnoI0puXQG%2BRbhqitPX%2FNBeEmngum741OqBGe9xzLGtxKbxrf4FTRZD56I27sXbWh2OXn9FoMqvJKWqPIlnbtmPLyD4DF2avuRJQKINI%2F1FDqIvkIAeNLj%2FkW%2B4QErZ8d50ODU733zqc278zszyKuBF0aj7hEWucl6oETKqG5cjYZJY2Xa7PNM3D1jtFrFhKgLP0U%2BzG11kmRUuNvVxtQKNCqnWRkcQqkkrmskqetUydWG2EpyHG8PH2TsvPmnkBTXjRqa9UGH7pg0NlShurOgTKxlrTsu%2B1uvfkH3ziHhJbYhY6iozxPuUTFbYI0dvFpRAxEUPkr%2B41SmMsU5EzEMFc90uZluiqVTfjXoff1seyzIBfIq9EBN%2BrDC7LUP97szze7CEjhJsumRwu0%2B4D5fvb%2Bgi2FCia%2Bp7mYHbAye1ijF8EN4y1untFdT%2Fo%2BTrNlkn9K81lVv2Qabs8onYuReD4zYm9S399GF%2B2XAGTH1fNF9RPFEtldJnrV6KTxvrC1PL4qBS2Kuag43Ak80v4BjsmQBVrUcJuFBnIdOfvp%2Fba3LuH4SzDv%2FHDGrLX7HjduiorKRLuL3fJNKx2DtD4WKwKWuwQILpNJa66AH9bS%2FvdQBwG15X0aQ%2F7CRUGYyBoWqnLEVtymDcHON%2BpBNe1LT5bAMuE2iwF%2BVBGILVBvklaSsqCQqLG6fq41cjCPAMs8WTE0FWyujnwQTE76df0BwN9yULlh1zsqpEDhhTar5LjVJA1pl%2FgSyVzsnjd4B%2B%2FdhvGRkpoou%2FoRUca5QSRtMUji4%2Bg8sMc%2BRl7HNSCa%2B8WPwShnmQxNVndwAbMLgSsu%2BeEJdTJs3aPmStLNP%2BPOcxcsOZNl8WeIV3LRw5EVjskCoEdD%2FuZF8rJyLt0%2FdA2RLDsc0%2BOMnE%2Bx8KnjPJqSWXnUpo8yeEX8iHpaSxLmGGjmP2K%2FQMIHxU18ljw%2BWxR7HNB1QGxjlNmkQY1t9pwHA4Vy53jpJXAAfbiDuhQgSO3icXWLJXbRkgDv50btQOlJSEPE0%2Bp1qnesaqsKE6ExVMnUCwaxnhP4VLEELqCwe1ncmsyZeCeqEisxNoemCoKVL6JjMWkVKT4XQyhTaMG6KNrKyyXy6aPVG4W9Ds4N5Vu0HC59EX8EhSQUvpTaxNEoVgKr9Esr8m3%2FKo2RFYlDk3aWnegRy2Dr5owdaFAtM1feq4gBludeyu6l7sA6mpahIRaJ9JqOFl5wVj15D8BzdWVR8piJkQafIKYXqRvKi5FveskOnCM4UkAovV0C9GY4qv1IvVuAY1SrlTF7%2FvvT7KyizsMEqM9Kz%2Bg0G5aHZOLTZR0vfl%2FGI2hjEU9n37Py9FIt2HKdoKsOWGhWyC%2BpUKwF2Rm72UAC2i9yzbQAwVLC6kjRX4%2BvWTSars6mVdKcD20A18KbfBWUhM3Z%2FNBA1Ed%2Bjy8F%2F6MMxikMjw4SkqKd4U5Uf6JMJ9Gcnhbp2WEOd3RCTfheT%2B5UqbbLfdEIhRzBJ5OLEo%2FpapYAkrRTQxhlxa%2Bg%2FIgxXsaEVWUG9Fb8zbrYnCqYgVMbOsxlYfOTv6M4zfpwgy%2Bvdn%2B%2FcO5FXUEXp4cIw7iaDW4q5m1P7A9dq02chf%2FifREFyJq2M3vLxWyaP%2Bie754qJRYSoAZgb%2F3%2FzgfXP4Mmc7te9yv15VB4UaliU8mIqyTAozU4CSqVe186cmDbra2gEvJCzew8kgP9GcQ%2BJ5MKB%2BDgzMCa0Mdgz7q5rD5kmE9K%2FjH2N3MESd7Dw2Fz8XXam4unOh0rV4bs8z5G3a%2B9pkjtIkdP9mWlbBlwxBeDC7GSIaK2FJ709vDFsN3J90lgQ52SQfmGPCOW3O3R6Yo8zxd3dyKIY3qqb%2BrSuiwFkdQnkvxKsJftH8SZcgn7VX%2FbFgEDvP2bD2XaTBDT3%2BmmF82f2Qp0z%2F8b0Hl%2Fm5RS6tX%2FvzcOOPJeI%2B%2B%2FJX5i8vTxi3jZkm6YmdUv%2BrRqzb%2BOFeDlq9qDlGXrB5sUHEAb8V%2BKriwsZpVzBZVOHlm9t4inaVgiCfmS2%2Brgt0quDwUnYL4kP36QE6xQg1qm9TsHf0jFimrQXAvagCc6yOhIECexWcuuaLMKtSpVw4e%2FN%2B6oe3CRZlzt4dWACtQf7n7SWjqHoKlX1f6OgC4zvrSRUbVrhCsjO3MNxcPl%2BrJYTipU1YiSgd8b6qsT5f%2B0ubC49eDeJ5a24df7EwG8Id1JmA1LO2k%2FWLNutOR069mKqixZU10bjo2gkde02e1RpyRyDNFNbPVaMNvR80vAcjya0NzP%2F1key0njy%2FITPLCuTWMbEaLShwUFy3b4AiAvLsykM5V6nkqRZnHVcpM%2FbjUmuV%2BjDG2ntfWwaFFlZT%2BxmjcUKkC43iMcAtpVYk8%2B38LDGt%2BIgBj73apwtmnLBl4ZIjC%2F24WyAlBQ9ZVabVeuq%2Bh2ywX8%2FyL4ACzKL3g7MX%2FxxiUHudi7JtF91G40Al%2BpwpjZZxFW71Xyjmce90eRrJG8jjMiwjLN9s68KtFYnaDiKmvf1jRBMvGpv71Sy%2BbltQN0AVvmK5tCWjXemU8HIRynRBRe5PP8ijY3e%2Bmg7wgrvjq%2FEk2OHJmOP86COe2UaLGbU60pcDoUHWHZyY5H89cx2mUSyh6ZdN8t22bCh9B%2FynsBC%2ByBMpaubWGumG9IdSyHoZoQgnH75KT%2BrvkL7NNXkClyKREa%2BxhG6mov29BvVzjuQZ%2FpwfXgiDAh8XztWKZJWuKov9oQaulm%2BxiDT7yqOH4tkKEnVrwPgPb%2FvN38qW%2BWr4mM5eZa2Bm87Vc4l6flO0y82iJ2bKyUw%2FxbGKP19GuPodLETV5NvX1pg5%2Bu3pu4k48b4RsUyHFUIjnWf%2BrMt%2F8Poza4ABPNVsKOc%2By%2FGMfmggNb6AUMI3aY2W2MAi91iNrjzHTJcRbrSTJMWIYIOK%2BBK0EA9IcN7KJyZF1TvCeT%2FRGp9fJ31dGxc0TwjDMAUsBkI%2BL4VD1bDHRa%2FR4Jix6LG57Mnkk8FkUSorTZchOId3zjDcq8AQCyf1nmX3Nzvh%2Fl2Ianpl1uQW%2Fa%2Bk6TmWMHQQd7zP2%2F5pLm4tC6peb9fkE5Cc62GpmgFDiAqqrKV6JgMqIOICs7l8C5%2FKFc8h7R%2FK0s%2BF7jnE6L9dEr0cE8zaeAAU%2F%2BGYA%2B7WL%2BT3889Y8UT%2BMCGROcDys0zMFFzU4KpeGeNaRuxirUahbGYP00PG9pRG1laDPWszbC%2BaHZjIckEZEDktxLlLIpho62ubNW%2BW%2F4byUkgTzqUKaov%2FokCqg0rerK%2FyGPdfxDPBGmqdhTNg3X4w54AUtdlzZYFrMY6IXA6Nr7e1hb%2FMYEDmALnk9v5RNQq%2FMi1wIlPpmFJn0%2B7IInLvEooDDaPzuVA7TxxnQhfRbLyT6gRinw3lmZKOk3IdFDZ%2BfzrGDUSUocchzrXxv9Pk56s2l9KjN7jZYLK7vRm5FQN9lYsL6516dn1wTTqr28SqlgM0Tb6Hn2qZU8zc%2BF7iiSnbyrBO%2FwA3uTmgnVhhKlfhECkXu3EDTP7bDW%2FxqJrbyjmaA1PPYTfE1xs%2FV7hlkKUkpoBxYUKLEPZpupHtenksymhvKklH38m92LeR7NeXAWPcx4IC%2FYHf2RjvPZvcMNpobQewpVCAIm3%2BORcAmk8efqUCJ1b41CMRSdtH8bSs9mbJXOhTD3HssHM7GdzEB27sNZFTyQKIeFzu1kNSmvYdcNfQv%2BV5p8qSqLmEbNPqPc8Ki2dIxiTNcjKPAR48iFmDlGDog42y36uByHm07xo7zx3EyXR%2FbUe1p3YBAoL1b9AiLjHCnus5cm0pnYzRn1M0tMYnmT3%2F7uUASxPjUuSeLzGF7A4jQsYrg14eXzCzAWp4MinYJcGE52QC29SJoPabcFbBmKm45I75cA298HVRT9zirscatotQB5QUF8pflFPHYA%2BUFPapWOs3TbJkuOua6yH0tLDP43xfr9Pqc1SNSYk%2F2AlscIqIrdvcTeybymcDAHGg7jnrpBhbnJUVqJGyyKzcwlFa93qBsqvgncqk98JMYuBWAHzCLdrkVropZg%2F1WD5zL6jILLN8V8gjFz%2BL8VBqwlmwrkgU6lMk8pbqZfC1eXrKyX%2FONQdeyD%2FaZAgO7sbnCQ5ALK1JE9xuUWKtR4sQFXWRzeA9c87U75jjCpsQgdZ5WYLPyv6H9oxFi%2BrphmjTxxEQhJEy01Mdw%2B1fg%3D%3D&__VIEWSTATEGENERATOR=C2EE9ABB&__VIEWSTATEENCRYPTED=&__EVENTVALIDATION=lGHljL8api39X8K%2FAecjMf%2BckMbeGH9aQmAV%2BxLxIZFlvqTQ6hfTNnNEv23qRkyqGJ2acr1tWv55w01OcPWBH65bSIxA4497iZ1e%2BroQy9ZcgUeUn4wIh%2B1eEczWd40E5W3%2FCDkmNHUhAYXZ8O94kPczh4%2BtSpsFnfMBM8hQRUdBORZjklE%2Bmo%2FYZMSWGZbsfy7vSoTc6ZT1MMvC8XPXSU2%2BEHNhF7BHaifLFISeMREP4z%2B3OE%2FwRoD454Aae7T8PH58T5uOyUUiohrQVSli2w5Eelo7aGpbmiH173fFFXNIpRhqV7xWrcNcmc39b9Kv6NcWPXtSHSQ0j7BhTdPOtWcDESK6hYwC4gtvbaMEsLsPGjGMFY1mggstWxsXaUgKRhkskhENIJqQOq91OTAOAxGxYgg1imbfD%2BOnBnE2697Pyv%2FN9aqDaCouX%2BQsNqq1mbSDXzpxABKUtrh3MsPeAZX5v8%2FJnmqQXQJs7vjsJj8S%2F%2F8zNln9SeGLIqZAFyvyi%2FADrtQm1rcuDcpHyTpx5amogJcf4tLOr9hT8uCAxtnGCWCOSP%2BcsjcHwO4F%2FowWJlj%2F5ZerJivc%2FVyrGisqbnD4Z7HGYiNIiNZoZMpf8A8OQkwZ%2Fe8N8tjHwbzVHS5EtMxzACQJg14NUPp2WOPUGmeJyCDa6frH0V%2FUT5kZ4QeX0PzmMfV6blh9m2FNzD3E52UNsTbWR1VKN4koUwrnxjncfqRzGWdDcotoV9BHA9qfVFBBHytOQSErKaU%2FrxfTmjMDZQZfFdiHBiAnw3ntJ6mTgiiu0XqxuHV94LKFUAHCJ9p8nG%2Bc2vz78aoL4ZGzGulG8uBKOV4ZG3SWgKtfe3IHkGW3efKObUH%2B5e0WMRItcVCobVXlwOQkju31cWOvbQUQjwJ8wFzDV17LlYQbaOIGAfiYtIrOLTw94AyT0McsvhVymlpxWT09r6POCeNLTXdX5sm2sx7jg05S9pq7MVU%2FPNmP02%2BRoNzH1vOMwESxpQzMslYc%2FT1CE%2Fz9%2Ftl2PakmEawbr3mnD8sG4SMPj1QXzXZdJzKgMNceKvTd6DD8bbPbOtWuPoV8jAjQbb4mNXQdF3%2BGCMu84estF6WxkqQEvwWybdMn5t3e9KIGv4ttg05W&loginFrameUserIDTextBox=j2mcorp&loginFramePasswordTextBox=bridgeport13&loginFrameLoginButton=&resetPasswordFrameNewPasswordTextBox=&resetPasswordFrameConfirmNewPasswordTextBox=&forgotUserIDFrameAccountNumberTextBox=&forgotUserIDFrameEmailAddressTextBox=&forgotPasswordFrameStep1Name=&forgotPasswordFrameStep1AccountNumberTextBox=&forgotPasswordFrameStep1MeterNumber=&forgotPasswordFrameStep1SvcAddress=&forgotPasswordFrameStep1PostalCode=&forgotPasswordFrameStep1PhoneNumberAreaCode=&forgotPasswordFrameStep1PhoneNumberPrefix=&forgotPasswordFrameStep1PhoneNumberPostfix=&forgotPasswordFrameStep1PhoneNumberExt=&forgotPasswordFrameStep1UserIDTextBox=&forgotPasswordFrameStep1EmailAddressTextBox=&forgotPasswordFrameStep2SecurityAnswerTextBox=&forgotPasswordFrameStep3NewPassswordTextBox=&forgotPasswordFrameStep3ConfirmNewPasswordTextBox=&tempUserConversionUserId=&tempUserConversionPassword=&tempUserConversionPasswordConfirm=&tempUserConversionSecurityQuestion=&tempUserConversionSecurityAnswer=&tempUserConversionEmailAddress=&tempUserConversionEmailAddressConfirm=&tempUserConversionPhoneNumberTypeDropDownList=&tempUserConversionPhoneNumberAreaCode=&tempUserConversionPhoneNumberPrefix=&tempUserConversionPhoneNumberPostfix=&tempUserConversionPhoneNumberExt="
I, [2015-06-26T18:24:40.564291 #2513]  INFO -- : Net::HTTP::Post: /login.aspx
D, [2015-06-26T18:24:40.564412 #2513] DEBUG -- : request-header: accept-encoding => gzip,deflate,identity
D, [2015-06-26T18:24:40.564436 #2513] DEBUG -- : request-header: accept => */*
D, [2015-06-26T18:24:40.564458 #2513] DEBUG -- : request-header: user-agent => Mozilla/5.0 (Macintosh; Intel Mac OS X 10_7_2) AppleWebKit/534.51.22 (KHTML, like Gecko) Version/5.1.1 Safari/534.51.22
D, [2015-06-26T18:24:40.564478 #2513] DEBUG -- : request-header: accept-charset => ISO-8859-1,utf-8;q=0.7,*;q=0.7
D, [2015-06-26T18:24:40.564498 #2513] DEBUG -- : request-header: accept-language => en-us,en;q=0.5
D, [2015-06-26T18:24:40.564518 #2513] DEBUG -- : request-header: cookie => ASP.NET_SessionId=rcfwj4wdhar3dxwszob312vl
D, [2015-06-26T18:24:40.564538 #2513] DEBUG -- : request-header: host => myaccount.uniongas.com
D, [2015-06-26T18:24:40.564564 #2513] DEBUG -- : request-header: referer => https://myaccount.uniongas.com/login.aspx
D, [2015-06-26T18:24:40.564584 #2513] DEBUG -- : request-header: content-type => application/x-www-form-urlencoded
D, [2015-06-26T18:24:40.564945 #2513] DEBUG -- : request-header: content-length => 11814
I, [2015-06-26T18:24:40.635395 #2513]  INFO -- : status: Net::HTTPFound 1.1 302 Found
D, [2015-06-26T18:24:40.635534 #2513] DEBUG -- : response-header: cache-control => private
D, [2015-06-26T18:24:40.635571 #2513] DEBUG -- : response-header: content-type => text/html; charset=utf-8
D, [2015-06-26T18:24:40.635604 #2513] DEBUG -- : response-header: location => /home.aspx
D, [2015-06-26T18:24:40.636086 #2513] DEBUG -- : response-header: server => Microsoft-IIS/8.5
D, [2015-06-26T18:24:40.636131 #2513] DEBUG -- : response-header: x-aspnet-version => 4.0.30319
D, [2015-06-26T18:24:40.636169 #2513] DEBUG -- : response-header: set-cookie => .ASPXAUTH=513B7C1EA730AFCCBD3541D15DD36AC338630A726FB0AE3243823168C033DE76B7F9C6E73D9A6913ECD1B105C5A45AF244DA5F66CFE9FBF89A654707D337B250ADD6687C460E92887A0B5FFBB2DD976409848F0A19A372E0B3FA378B1B199193F6A4AB0C40F80413D28B702E33C994994A9AD539; path=/; HttpOnly
D, [2015-06-26T18:24:40.636202 #2513] DEBUG -- : response-header: x-powered-by => ASP.NET
D, [2015-06-26T18:24:40.636234 #2513] DEBUG -- : response-header: date => Fri, 26 Jun 2015 19:24:40 GMT
D, [2015-06-26T18:24:40.636265 #2513] DEBUG -- : response-header: content-length => 127
D, [2015-06-26T18:24:40.636480 #2513] DEBUG -- : Read 127 bytes (127 total)
D, [2015-06-26T18:24:40.637472 #2513] DEBUG -- : saved cookie: .ASPXAUTH=513B7C1EA730AFCCBD3541D15DD36AC338630A726FB0AE3243823168C033DE76B7F9C6E73D9A6913ECD1B105C5A45AF244DA5F66CFE9FBF89A654707D337B250ADD6687C460E92887A0B5FFBB2DD976409848F0A19A372E0B3FA378B1B199193F6A4AB0C40F80413D28B702E33C994994A9AD539
I, [2015-06-26T18:24:40.637683 #2513]  INFO -- : follow redirect to: /home.aspx
I, [2015-06-26T18:24:40.645976 #2513]  INFO -- : Net::HTTP::Get: /home.aspx
D, [2015-06-26T18:24:40.646191 #2513] DEBUG -- : request-header: accept-encoding => gzip,deflate,identity
D, [2015-06-26T18:24:40.646910 #2513] DEBUG -- : request-header: accept => */*
D, [2015-06-26T18:24:40.647045 #2513] DEBUG -- : request-header: user-agent => Mozilla/5.0 (Macintosh; Intel Mac OS X 10_7_2) AppleWebKit/534.51.22 (KHTML, like Gecko) Version/5.1.1 Safari/534.51.22
D, [2015-06-26T18:24:40.647122 #2513] DEBUG -- : request-header: accept-charset => ISO-8859-1,utf-8;q=0.7,*;q=0.7
D, [2015-06-26T18:24:40.647193 #2513] DEBUG -- : request-header: accept-language => en-us,en;q=0.5
D, [2015-06-26T18:24:40.647264 #2513] DEBUG -- : request-header: cookie => .ASPXAUTH=513B7C1EA730AFCCBD3541D15DD36AC338630A726FB0AE3243823168C033DE76B7F9C6E73D9A6913ECD1B105C5A45AF244DA5F66CFE9FBF89A654707D337B250ADD6687C460E92887A0B5FFBB2DD976409848F0A19A372E0B3FA378B1B199193F6A4AB0C40F80413D28B702E33C994994A9AD539; ASP.NET_SessionId=rcfwj4wdhar3dxwszob312vl
D, [2015-06-26T18:24:40.647335 #2513] DEBUG -- : request-header: host => myaccount.uniongas.com
D, [2015-06-26T18:24:40.647419 #2513] DEBUG -- : request-header: referer => https://myaccount.uniongas.com/login.aspx
I, [2015-06-26T18:24:40.742840 #2513]  INFO -- : status: Net::HTTPFound 1.1 302 Found
D, [2015-06-26T18:24:40.742951 #2513] DEBUG -- : response-header: cache-control => private
D, [2015-06-26T18:24:40.742976 #2513] DEBUG -- : response-header: content-type => text/html; charset=utf-8
D, [2015-06-26T18:24:40.742996 #2513] DEBUG -- : response-header: location => /accountSummary.aspx
D, [2015-06-26T18:24:40.743016 #2513] DEBUG -- : response-header: server => Microsoft-IIS/8.5
D, [2015-06-26T18:24:40.743035 #2513] DEBUG -- : response-header: x-aspnet-version => 4.0.30319
D, [2015-06-26T18:24:40.743055 #2513] DEBUG -- : response-header: set-cookie => U1Kn0w13eeG=88fad306-0e28-4f85-b0ac-6c1b051b0fb2; domain=.uniongas.com; expires=Fri, 26-Jun-2015 20:24:41 GMT; path=/; secure
D, [2015-06-26T18:24:40.743075 #2513] DEBUG -- : response-header: x-powered-by => ASP.NET
D, [2015-06-26T18:24:40.743094 #2513] DEBUG -- : response-header: date => Fri, 26 Jun 2015 19:24:40 GMT
D, [2015-06-26T18:24:40.743113 #2513] DEBUG -- : response-header: content-length => 137
D, [2015-06-26T18:24:40.743179 #2513] DEBUG -- : Read 137 bytes (137 total)
D, [2015-06-26T18:24:40.743753 #2513] DEBUG -- : saved cookie: U1Kn0w13eeG=88fad306-0e28-4f85-b0ac-6c1b051b0fb2
I, [2015-06-26T18:24:40.743831 #2513]  INFO -- : follow redirect to: /accountSummary.aspx
I, [2015-06-26T18:24:40.750917 #2513]  INFO -- : Net::HTTP::Get: /accountSummary.aspx
D, [2015-06-26T18:24:40.751084 #2513] DEBUG -- : request-header: accept-encoding => gzip,deflate,identity
D, [2015-06-26T18:24:40.751166 #2513] DEBUG -- : request-header: accept => */*
D, [2015-06-26T18:24:40.751244 #2513] DEBUG -- : request-header: user-agent => Mozilla/5.0 (Macintosh; Intel Mac OS X 10_7_2) AppleWebKit/534.51.22 (KHTML, like Gecko) Version/5.1.1 Safari/534.51.22
D, [2015-06-26T18:24:40.751323 #2513] DEBUG -- : request-header: accept-charset => ISO-8859-1,utf-8;q=0.7,*;q=0.7
D, [2015-06-26T18:24:40.751402 #2513] DEBUG -- : request-header: accept-language => en-us,en;q=0.5
D, [2015-06-26T18:24:40.751479 #2513] DEBUG -- : request-header: cookie => .ASPXAUTH=513B7C1EA730AFCCBD3541D15DD36AC338630A726FB0AE3243823168C033DE76B7F9C6E73D9A6913ECD1B105C5A45AF244DA5F66CFE9FBF89A654707D337B250ADD6687C460E92887A0B5FFBB2DD976409848F0A19A372E0B3FA378B1B199193F6A4AB0C40F80413D28B702E33C994994A9AD539; ASP.NET_SessionId=rcfwj4wdhar3dxwszob312vl
D, [2015-06-26T18:24:40.751556 #2513] DEBUG -- : request-header: host => myaccount.uniongas.com
D, [2015-06-26T18:24:40.751642 #2513] DEBUG -- : request-header: referer => https://myaccount.uniongas.com/login.aspx
I, [2015-06-26T18:24:42.196513 #2513]  INFO -- : status: Net::HTTPOK 1.1 200 OK
D, [2015-06-26T18:24:42.197041 #2513] DEBUG -- : response-header: cache-control => private
D, [2015-06-26T18:24:42.197078 #2513] DEBUG -- : response-header: content-type => text/html; charset=utf-8
D, [2015-06-26T18:24:42.197100 #2513] DEBUG -- : response-header: content-encoding => gzip
D, [2015-06-26T18:24:42.197119 #2513] DEBUG -- : response-header: vary => Accept-Encoding
D, [2015-06-26T18:24:42.197138 #2513] DEBUG -- : response-header: server => Microsoft-IIS/8.5
D, [2015-06-26T18:24:42.197157 #2513] DEBUG -- : response-header: x-aspnet-version => 4.0.30319
D, [2015-06-26T18:24:42.197176 #2513] DEBUG -- : response-header: set-cookie => U1Kn0w13eeG=ca05a665-9743-445d-9f8c-d55d7fb57af0; domain=.uniongas.com; expires=Fri, 26-Jun-2015 20:24:41 GMT; path=/; secure
D, [2015-06-26T18:24:42.197199 #2513] DEBUG -- : response-header: x-powered-by => ASP.NET
D, [2015-06-26T18:24:42.197219 #2513] DEBUG -- : response-header: date => Fri, 26 Jun 2015 19:24:42 GMT
D, [2015-06-26T18:24:42.197238 #2513] DEBUG -- : response-header: content-length => 14285
D, [2015-06-26T18:24:42.197353 #2513] DEBUG -- : Read 14285 bytes (14285 total)
D, [2015-06-26T18:24:42.197448 #2513] DEBUG -- : gzip response
D, [2015-06-26T18:24:42.200680 #2513] DEBUG -- : saved cookie: U1Kn0w13eeG=ca05a665-9743-445d-9f8c-d55d7fb57af0
I, [2015-06-26T18:25:20.315761 #2513]  INFO -- : Net::HTTP::Get: /login.aspx
D, [2015-06-26T18:25:20.315871 #2513] DEBUG -- : request-header: accept-encoding => gzip,deflate,identity
D, [2015-06-26T18:25:20.315909 #2513] DEBUG -- : request-header: accept => */*
D, [2015-06-26T18:25:20.315931 #2513] DEBUG -- : request-header: user-agent => Mozilla/5.0 (Macintosh; Intel Mac OS X 10_7_2) AppleWebKit/534.51.22 (KHTML, like Gecko) Version/5.1.1 Safari/534.51.22
D, [2015-06-26T18:25:20.315951 #2513] DEBUG -- : request-header: accept-charset => ISO-8859-1,utf-8;q=0.7,*;q=0.7
D, [2015-06-26T18:25:20.315986 #2513] DEBUG -- : request-header: accept-language => en-us,en;q=0.5
D, [2015-06-26T18:25:20.316009 #2513] DEBUG -- : request-header: host => myaccount.uniongas.com
I, [2015-06-26T18:25:20.459495 #2513]  INFO -- : status: Net::HTTPOK 1.1 200 OK
D, [2015-06-26T18:25:20.460074 #2513] DEBUG -- : response-header: cache-control => private
D, [2015-06-26T18:25:20.460172 #2513] DEBUG -- : response-header: content-type => text/html; charset=utf-8
D, [2015-06-26T18:25:20.460253 #2513] DEBUG -- : response-header: content-encoding => gzip
D, [2015-06-26T18:25:20.460354 #2513] DEBUG -- : response-header: vary => Accept-Encoding
D, [2015-06-26T18:25:20.460428 #2513] DEBUG -- : response-header: server => Microsoft-IIS/8.5
D, [2015-06-26T18:25:20.460508 #2513] DEBUG -- : response-header: set-cookie => ASP.NET_SessionId=gy0z2sij3lddfuthm5hq0zmn; path=/; secure, U1Kn0w13eeG=b5613c93-c964-4bae-aa8c-09709c29f81d; domain=.uniongas.com; expires=Fri, 26-Jun-2015 20:25:20 GMT; path=/; secure
D, [2015-06-26T18:25:20.460585 #2513] DEBUG -- : response-header: x-aspnet-version => 4.0.30319
D, [2015-06-26T18:25:20.460661 #2513] DEBUG -- : response-header: x-powered-by => ASP.NET
D, [2015-06-26T18:25:20.460736 #2513] DEBUG -- : response-header: date => Fri, 26 Jun 2015 19:25:20 GMT
D, [2015-06-26T18:25:20.460811 #2513] DEBUG -- : response-header: content-length => 21791
D, [2015-06-26T18:25:20.461110 #2513] DEBUG -- : Read 15904 bytes (15904 total)
D, [2015-06-26T18:25:20.461638 #2513] DEBUG -- : Read 5887 bytes (21791 total)
D, [2015-06-26T18:25:20.462041 #2513] DEBUG -- : gzip response
D, [2015-06-26T18:25:20.469292 #2513] DEBUG -- : saved cookie: ASP.NET_SessionId=gy0z2sij3lddfuthm5hq0zmn
D, [2015-06-26T18:25:20.469693 #2513] DEBUG -- : saved cookie: U1Kn0w13eeG=b5613c93-c964-4bae-aa8c-09709c29f81d
I, [2015-06-26T18:25:20.478522 #2513]  INFO -- : form encoding: utf-8
D, [2015-06-26T18:25:20.481218 #2513] DEBUG -- : query: "__EVENTTARGET=&__EVENTARGUMENT=&__VIEWSTATE=EWn6SBIPwjqJQC0ir0ITLDeSRvoOgQgsMtqKeQUHIGShcm1IJ5kaZaQB9rsYtbZd4mLzjovNy%2BjH%2BTB0AdXNVZ8nwRw3fwyF3yXYNBeOEsjMZFIIX%2Bh%2Bl1X8NE9gwAA4e1gCgeBu7eAPcSWWQPWmm6G9c6w11dyN1fZMD2JnkAf2duvAkMIRf8q0%2Bd9kKkblSgNIFXOf2OiRvakPuYLLVH0x%2BqGvtqeD%2B4%2FmKdAoQc5U%2F73m93ZUvuqe9NIaTBWIjTmwbbq0vi6ffPIp70p7%2Frh3qiyLGGifhgM60FAu9VH%2BE0gZxddjyyGLRNpcrSsdZovDJq6Ww8TRDj1D%2F9clrpXXeRUqEnLoak%2FKEOqYOQeoW821eK8yGZumYRoPNzlI4q64TWHVBP5brBHXU7tsQoBAmTdpWpxwp58saUArbAMwe1qYl1Oivl6v756nu9Sm%2Bg1eq7Sapq0SpiBq8sXrytIQluJYSTAymggGtYfoF1OJSqDHOlNjDg7K6RcEk5SXa4dg67QmpZ9VOhW043B%2BT5hTYpr2VD798aSv3VOrFIpRK75FIZG9Z7FETaNcV7z3n7wR0mpmGKNp8olfIr77h3Ot%2B4Vk4Fx8SSTZx%2FTvJEx%2BzHJsdyN1%2B7rZcQBsipCfV8aerTccY0rKkYEu1ow%2BYJ4dVisVhOp%2BfjhH2wailx2zxjaKX5NE9YoyALbr3rbLBKHB1Xojg%2FBjFuaobyyBUdwQs5l5ZqVfZ96NyY36OhZ%2FpJXh7bBu5AAQ0L%2FJ0epLV6lE40jk%2FWlQNf%2FVZfVt1pGiQGMs%2Bbo4E3622UgLQDCVql173rEYqglzWAPYzxdAtx6zQE22llzTEERAc7n4iOv5F5djrYIpEloubo7EArXckvs3WRCVtZCUCYLxxyUUjaT8ngk%2FRfKoKugv8d0KYLqGn8Ho4bRmKVfuv5Jz5IJJGeM2mVxZTsmEiwAQLHHBtHHmF%2F6yp6E1CEfX9x5KIMGRPubnbs7ulimzPObEvMnlRAuPwQYKYF8fjqXAo%2BUd2sBTdyREz6FQu8C%2BMn2Xl31H2Rg14XmkMvzmzYNXlmR8Qgedx4Npf70st39i8THnpok7LcZlBC%2F7m52qvYng%2BtbWERLvIIIsb7cQrwKNfJJ6L3C8wn1meyN%2Fv4Q3usm1aRAV%2Fm8jI3PuANPViOJvpE7cNnKfn%2BFvAMPJgXkqypQyAP96MEdL16KY3iAijO%2Bj%2FRo6kcx2HJqLcP%2FuNaujnWoDNWkzDjJDaaJZgxniMhvW4Fjs9lVCn0%2BBLixwMb9K6NJ7VmEaOC03jx4lUtZpMnDKs7S%2F77DRC2ogdgHzcpi1iQ7DO11e%2BCNFFtro2MFNolhNrq0ox%2FgI2uf7lrtPU5nrSf0Ht4A8iY9ReZhIHbeRGX6f8Ia9hGKGISVnhgA1AlZOuYPj1QcmOMf6He97y8X0%2FCAF8siwV2yXTCSyjrbDSfvoynrSzAq4X2NGoqdhDOl8e%2FjsmgzJRqSJ51MkFi9ax4GOnyyQgsnYxDd4JXeNqOnA1ft%2Bzm46vaeLEVBqGHpOrgwxmxlodIoxSOgYRpdz4FgvOqq%2FJ4nPumY7I%2Bc9m4eD7gWVOS64RF6KGsxGW%2FOHbuITq4kz86XtxiPH5u44y5eNf84NAxTe2hGDzBOy33EFqBd8JPybfdaahEt1tjhNKQrmTS2gT2d3QJCmepHpgzJGdTrL1%2FXOgzZtGvjuq2ISafnOFFLn7TAfLYYt8BFTme8dqh97OB38t4672x3O6zYDkSJZ6lvfCPBeWS1avnqcAoDJCtIe%2F%2FpA0fZsaHQZE1DnB1tKstDXYKPZ3ps4qIegdOWzAUufWi%2BCHbtuDphcf9n5QZTHGaY8DX66JfJVwx%2Bld238HiyukRAnN7tpGIVJuSf%2F8O7Uvx7DNb833iO3uPWUNzkxtF4zLBKYAM%2B8Bo5PcPdLwYlF6ZcI5mG9nLztgs4je9qhXot2XP0VaACx2EajEZ96ExKjZ66uRxVOyTet4npPDulzzGaSihDXvU9%2FKsRDX8ewVgnNzTX7qBXDg1s0NcTL0O6EqsnXLPn8qWB%2B3nq%2FUhRMNZOsKiShB%2F1kH%2Fc37iF%2FutSKuXjE9mdsOWh%2BcSKt8ISS5YXs1c0MbVJtAsBWcKxqQl8fuTf4cQaL6mgd62cjWLgJ9EpslMtOrWbHGkQlyNbR1x8sNl4OCNVbl1IqjfcugydNEUcvPpKJb4VkSStRSQzvMCubXPUjTll91AVH%2B5EVFGhq8R5jOcQ54hw2WjAACfik1wHeeE6TGYCP%2Bf5qJrX6pzwwZ04h7tkUNpC9%2FpWzPmdnhQulzd3RGaH3fdfqjvpR8tlwytZv0%2B4SJ8X2Dk%2FLBfrrO%2BrZA%2B5wD4oK%2BzL8z9qbZNzclA%2F6HA9IfDRS4WjiTS%2BzyJddi26Fjd2skYIlib3%2BW2mn99mJCOoKKkyemXQabHCGczZD66RmcE%2B%2Bvzl%2BQhvKtAJOvt3bkbay5L2IHiW5wxZqTCwJplBBwXiO%2B4jrmrvsqrKHQu%2FO2MBV1HDlWr%2BLv3c2fdmfg9adRztlNFZC7GUEVT0l2QsvFvrlviO%2FA%2BUz0C3JFEz0pkimV%2FgIAb4LnVDa%2FZLsrNCWAVyHyCIcX8D4JuIrOAhOxg%2Bv4tR9p2Q7rUiNF9mI%2BkoI%2BLABJefYuCghIfhNGbZO7t7724zfLmyRcPPVcBeWL7VgljfH2kiWR%2Fokrr9nNo0TidiByKuY2eleCoHjrP1h71EHmvd56tyfgfm01nnGx9uNINOeG9LHOyLMKwgp9O05ADxX7CIvnZPhaoHs75x9rRusvO8EeHOW9TxBnUT05wqTGha2VklcL4riU13qX6DVXGtebvxYSng2RNxMKpzMzzI0nRpREnS3qRRMvhyDM9vRjqnq2ZOczjXNeqrTjIvZo3vYI1hmLpNOwrejvestb9LRS3OX060tGWPe2BNQx8lIxQAl6lkf2KxSe%2BqGAL1xdNZj70ZJcD9T3Ph1B7e8pRy2HCYAbmiEGXwDaNUAsnVWYRVMDgc3o3YY174tetJfAggc9RSxSrL4uecqnMQLbFc6%2BKtzKLf9aNJT59%2B2mD2O5XBTCksCYFs6PN3sBnrOrvWZFfk2oh%2BuKom13clC1B0PzFEF0ityiizmn7GznAyoMuSQqrYSoM1Gqdzy5JYQzYGF01Tu8w1nnfe6b4Ty3PthriiTSS%2BiSuLyG8AHmimlFpvDgFDQ%2BHZvtn4WPQrlwFe%2B2OqYFIt8NIFaAHbQlkGGZ9Zv8rxdWATSKF3l3wErmwDypAJfyBYvoCdPMBrJj3iueqASnJDuAH%2Br7XqzpdU3OveyZTNTA1f7oRiphIUqNtcdOom6E38Cb%2FK541Ea6l9c9uTJ80JX%2BMQ%2B1%2FTgxd6UlQf3IHQrh06YvJcJEHORDtOyZ6JaYg8IipEI91TFU5dAwH%2FNUioXtizIGHOgiWHBziBsoRm%2BiqjYXL3Nr1ddi%2By%2Fmuq873fH3%2FeWdAlXfIJp9fzRX6YgS8ATOBKYT2WmsvLJr6Cl6%2FRRNoJjPzRUheLsiaBuY0oUZufgaOICFqPD4J%2B7Mk4YmygvV88%2B%2Bkf%2BFkM37hxCafIar3PbDXWKYXYCjzCPM0WJqpVrrhH54LlReeTyu6P99a1BDu9ST%2Bn1r%2FL5lcQhT5DdYPoDOmBqG4TOriTe8ArBoPBCFUn32C68friey4zulH77BPvPHe77fGHP4cfCKetOKXcUpe6mgAMpT0Tci%2FkAA1FKAXJLMNmLUOvHgPzBkoP3I61qcKyvMzdsCuYwe87zdL0V1A3BxW7qVz492LejN63B807oI6m67EWxaeyAGiPjDnJHZyLDMEiKUZrVeZghslkMhIckPjg2JL4Qjjlo6nRuH%2FPZH8TGlezwmZw18zT1HiGcJ%2BPTAV1824SF1w1OI2Pl5FVF0KRY%2BTVrkiZX%2Fc%2BgAVnE7ph1X1kGiIFNMlAQqVhyREkKqev7Iqe3sVSUXT0cYFWyysMa3S%2FUtG2Mo9MG4hQBcRyWUb%2FbyC14GZtj3DdJYGPreT%2BySaQQHIJXinBmEUQ2E%2FlM5uRpZ79ytGhPGdzqG4bCqslU7JP%2Fe8rmKVrnID5xSO08fkeOMNPdpZfinHuzP7%2FgkFR%2FO%2F%2Fyms8vBrnx%2BGYcpeyRdzLhwWv%2FVCaQuZH8oZHTaFTBNPVcExxhuAGEp4QNYnYLqrDlKryswGRr9YkGWvENwx7racZ2rJpq5DhxMzq1nWNNwu7j67BjZLW6PUcuJiYcK83132nkJkle%2FEDsUsbMMoZquQtZSCC4YKWsHoLAhyQH1Qi0iads4pbQFWd38zSXKe4KvpkGc8NAqTQhFFhjGGiZYslfYttB8oOsGVgHIIrdF%2BcmW%2FCAgMS4Fmkh%2FEj2QFN3SgLEDjK%2BNaN%2FbzN59jZWhvA8pSKEw65lv9ZCYG48y57OhEG%2By18LDKLEpFY3uoXt8J%2BDORJvn3VgbA0hh1a8iUrg3ksW62dnfs9n0P%2B6BjFs0N9v2K1sjOthV6DrRtuDjObju5pP7RpS6WgRADDOLdQnWyITnsjsnFgvKh0rdb%2BTfx4rYRMMQ5r%2BiDHZmeoa86Clrval7twqzHAquwtRzxXckbtlpRNRf6K73ppV9j2%2F44Grz3j8diSxslAwvzfLyktygdmeuHHgr85kwhFWpSZ6S8pCM33FUN8zlAgBpPf7%2FpOZIbFMJxnHpbXVBc8oayVUq9WF43y2S4yxRe6XItOGgpTGwLROrChsFuhLN%2BxhoHZSob7AS9PB13AtC0ebLaHqaDAlk%2FD5xWEgV5tg5rG0roa%2Fie1grwqTjVb5bhXvNFqqkeg54S5eow%2Fa%2F48SD2tnQBRtWBOwJfbw160vmhZKxNfo0QHlNJmFkolHtS8w6TplTfNPLREDYe%2BVjH7YfO3CTKldUbRK0Tuwtr7k%2B%2BCSDGpTq5%2Fpn540CrOVUFjYvJ%2BGla6txkBglxwHf3xU3QK5NlXuGd5mb7BPxfVK3AF%2BD7gsziSsJzJ%2Bl8yGJlL5v%2FEIkj%2Fs8z0asiyy2t74ydRsggriYWIHNTx%2FT65uht3Oqdlhk%2FSuhuKkkNG9MIPwXGKyFNYPi32c37%2FcJx9dxjT%2FW9D8d2XtjTSqCY6BboiZNdmOtIi4%2FBkMWVjwWh%2FEIBOHUGEYanS89ywzEzQ5a1n%2Fsu1%2FGyZnwRKiGp15Ffx2xvW9EwqLOkIKef4RWEFbG2i2AKFNue0FYjSIwlVnbmQtA53oN7lKzk9cF6%2FPQl4yMH%2FZcCAtyN2aEnNFxL13FYBXaeYaNmqCZKJjm15lFMPNCrGg4nGKANSZSdfsWB7ea23dqEll4sMdKwTmdIMsnnq%2BwSV6xviZ30O%2B%2Fi1r97SnfNutTe8L2ynvW5SuClIjyMzRHH5sGBU7CeWjD2w0YCSEVWqNl6ORw8tvOwXt1d37pOfQeDlTrvWwnoFMHIStiKvWww7Xvs2%2BY%2BcXxoK7s59c2Cr4tTnN8vqsGR3r93F1IcWv1CRdOWVUhFQfEouIzyC6FYqwjzvPVX8jL%2BAGffpq%2F12vQzQuSVKBpf7rLForx1B8NzSrgtQKTpQjJWux8SME6YBu%2F1MjO%2FSI5ofuVeXiYarDz9RFyhqjJ4yfTVLqdY1tKnusZHjmQwwmSFMW8WU8Ma163fYHQKJLuY1MficT5kEc8CWpexTCrImlDa%2BCx6Ep9xxV99Du%2F%2Fl24xECbWZOv4J1aDxm3pZA7PIO4sweKZkN%2BFYsig6hcn3U03KtWmDESgwcPFWYS%2FeaouNueJrNnzuTKR3UVJLvRaYUGMwejoZiDRvEtcjR60vpEu7XSbryLvW4PUWsGspW1P9t98vAsdKRnj8rTS7m9TZe%2B5%2BvJYhPGZG17bCjofxH7RFexHVVajKZjBMHK2g2ndHUotyjinrL9JoRqHpotqw8MiaLyD5TT1IgIGodhSho7UlxCmp6IjlSplO3GokLTeVpzt0vyopDoeFDGYUrtZqiV522dGb4l%2Bvp8AqLxxShB5B2yjKUqT9FOdAWmPNFmd8Mu3J%2B%2B0R%2Fp42zdFYO17Fxed7z%2FRERiM%2BgqWPpKg6ivfzjdYfV5Xa%2F52rYSO1ZRs2CxBfs%2FFrSBWj7hO7OHUVvzaeFZLt9PKB1RBKmk%2B8H71MOv3GFoxc%2F%2Fj0qHLFrzKqd5RXwcYSalIYZVDoiOeeDocfq6GSMbeVhfIyNV%2B8BeDOIDBAVM%2B8ThIyUYl70Fex3rEyBX%2FIDj21o%2BsiIvOus1OW5zT5e8VI7wSD%2B9z1Zd5dtormC4KeAYpGTJMIUi%2F11iGAQK8GOfU79pTgrbslfzlPAL9b8AwWcd0%2F3E%2BODdZ1B7rjK766KKK%2BPsG8WJ0LuN6RlgDCxsWWRYkODyOm2vibnpa3VXrVw4w%2BGCRCbFoKtKpbJdtu4nL6WR20dPWj4dZy50%2Fc1WkivC7MLHB%2Bs6JzmClNz6O12CEB5prSxIIaBtLPvO%2ByzV5YcBAXFUrLJIknW9hbU%2F9bW%2B9U7rX%2Bo0Smqc6I6Q5CtHPQCDp0jW6%2FwDdNavL96IbrG4eA9Gpf4%2BTcIdzsoAy7P62S%2BDCr%2FGFX1EZhplx%2BG%2FZu%2Fkr3i1PXvPK8S0R7LKYdEYmZLhJ2IcZHzWrZnUu2WlFRQSM658bgM%2F%2FmDRHSIUoSCNQviXwPHURyAxTnQOeFWzOdswWGfhExE6lA9rStvzzpA4ytshts6%2B2%2BjIzD%2FHQWDhS0B3KgvwW1HFLFULUwzzs6JZrpkYPoog7YLdRxXJI1uaVqPIRRkF2BbOI0cTO%2FgBWF%2B9fs6MbVLVUNQbcFsZswniL26gO0oC2omNz4%2B5SxcgVLIEGnqh97ZyJWfvOd6javcbQXcfNngxh9gAi0G8AZ5%2Bvqa%2B6QZkapRb4Fk7Qbm8t8eD5y0zBGbehH3Wwu2HDAVbDLPaeTFgiDTVZ5HM3QJtL8c0CqbcxUW7Al0xWFjpwUJEwa7r%2B%2B9lV6aLRhH9ZHBVQdnkpX7ECVYjyNU2ijiQ5tIxnUwSPBp460e5RYMf0Cwdl%2BKfzVfQUuS%2F57Ib8ytUokADlaaineyJgWbe2tAWp3ykpP6v6vWCruJOzgMTljXSZnZ1yWHMEQzUXb3GZpYhy%2BvCO2sVrl2gFE8FtdJ9iEtbtjtQzrpjjPl%2FsR%2BIqwUyNh5%2BmGDMD2k%2FE%2BtPswzcZ%2BX3ElgRGUy6iekGfhnRgP2ZzpM5eWo0aC3urYkwb90gFZLUNOv7EOxrMC6aE6o%2B4QNPKidVwo%2BQmVZVXbb6vabEoHUILTA5LQQj%2FT4%2BbjlqmmpCoNJdxsaDFNGCXE%2BBaVAGt98R3kRWeA%2FDpFG5%2FNhExF0Em9x9jMTy3mY1YK8eV0NodTNhcOnReKDi%2BTmTa4LQUdnL5PU9iixfNEd3YdklPxDsmhwUlfDqEqwDYCayHzaMPkHZcfibWcmu8A5iK2OFmzjAqk2wh5%2Byy4gWuCxpWoj32CArbcvquppHmA1X9TisdymvW%2BhYrlEksZ3h5CXyLYl%2Fq%2BO1APaf43%2FvvRgPr4gKaAdtO%2Fcpba6xJem79EqTINihqOCTmbDErD%2F9bYUaoL4%2BMY%2BRutO0zKw6rFevSVRRw%2FqSud1zY%2F28%2BhHfC8Eecm0oPxX5jzITl6sX%2BMf9%2BgTveaDsJ43fzDvvGeqkA43YVK9op26stcDPG2eUe9rAc8ChP9ffVZiTbWjAdJOD%2FTJfNUqev5M4GDxfwgqltWim85upQ8NLlwKzpdb20CmA4vvGfYy01iMms3fNbVmJwLGlcmW%2B%2BEEr%2FNjjkITArl2iKVtqZzp%2Fez22%2FRYRqCLM15ofBu6ALBVCyWhuH7WYc2KvbUe8vpbadbYygzBnNK1f8OneeMsj%2Bvp9zKsNkeS7xJ2m3WE9TzeSIophbN3LS%2F2Nufbkcx07yKSw%2F62uz4unvQrBEcaLoJWVr1CsjwHqIXrzFsD%2BZZKJ8UkS75Qu7tBE%2FlQ5x%2BDx1FOVOVmBh%2F1onfa%2FVc9UvaSA0xV5%2BE5W6a%2FaZ%2B4VXkJd4neDb0NT6bafJJOV65HlTkwt7moOC4Uh%2Bfhm9VRwFkfFLQuqL00UIEv56YpaXZJ1kwYZgcVV4EGB9T9bPmfo%2FgDNo5QdsvZosKnGbcY%2BR8dL5gJuAQQnxLI9xPJhAKGnLIfAsTOCL2X0%2FGhceZmO95SqIerWf5wbQYJl1dnQWcJ6%2FI%2FH0SWhY%2F3QGrIwmtz4iVOOLRO0LA3Bwumzz%2BO%2Fu56Uq4LBJEKpemWaFbASTFMIJ7RgseDpwbaWFjeKRdVFejjOP4Ob4v2v8CvqpeSxzbHvGgM06NnFdDTFEpxiUFblniSjUxIsaei39DVRC2UARYbhyIx9tbTozWdctKfWfT2p1YEirXy2Obo2QBrkpQMDUibODhzawxPOnqTfd0nErAGgGMJt2yZZaNNrv2qbYKkPjQGpp%2FhJ6CjfVoYvtFuZAhwb8J9s%2Byj6MHiph10cKDwilhfnX5PDrAE3JUeCWxDYC11RIJsiEyGqeVyApvjPRt%2Fv1IGVM0pMey6cSRl2Gle8kxrrEPtCRGJZxMlckutP84dARAL1HtLem5dmJtCbWfi5kF67r5%2Bi27O%2Fd4xFk%2BKvvL4jO%2BBJTM7m07Wfn%2FaBCqc4mChXbZ56jJQvwC6zNZlZ1MGVi7hqzSmtKejFFlUvUGAByTvu0il5iCNYsefvya68gLogfREd0ogbavSFlnouZALe6nwiL63oZhU0Q%3D%3D&__VIEWSTATEGENERATOR=C2EE9ABB&__VIEWSTATEENCRYPTED=&__EVENTVALIDATION=C8vEVzp5%2BCmwMmG5E9oUM1LPAaami9lbMJxj3aTLsF9rffQlW3TcLmNO8pRWL90EDRMsvrgadt0kSsoo7FvAAFQ3XVCRLxNMrvv0XNpg8F7kdxqRV4mvwNFyUpqgNq41caDqJwFlqesypS8HqbC0uWckbtaOI9OSuJ1kFmRtbFP6VPBS%2Bvafw2VTvIXhKefJTXIU%2Ba4zxAwA4NT6eVRP%2BNBccd7OPm1oQGI4eoFxsXSeenltHBSSQh%2Fx5%2FKR%2F7eEmWAZtoU8WQ9Tby7qKo7dbnKic4k1j%2BdOz8ZNNo8nvyuSUfewlsh4%2Fpnhud%2F%2BJJ45i2z%2BVHPExKeTAQ%2F0sZTLDvb6a9l5A3pyIRqydKIqip765pyZLg2Hu3%2FliMf9tjiHVODaB4iXjQlEJ%2BfCUuJM1z14V16DbOkxJ3UrGLVSVSuqLuWLTkqD3AaGPsOugxjEsFPjnNz43UtGvBzBhEhNypByN6FLmh0DZXMQ3KoqbJnkfz%2BvX5kPJEk9yJIqOg2IlHkkXER5olRQ854f13SlNZK0asHh3ZVnz7%2BO4mweqyCpp2JeRlONzIG6CUIzUxa7cVc96yhFN%2BaZhggVq9AuaPnKvxMlP%2FIDVisoLRy9CxwyyuBR4mSn2afj4v8HZE4KCIWPEjmXy%2FcT5TA4dIo4ua%2FCTKqOiTeRIjlZ8ESDOfP275gOfA1OP8L6Fvpuccdno0GNbunyGl1POFxmeFRA9MHPdto5aHHUAXHiJIMAEseA%2BaauLQToR3MO839r9p6A7aYxGCu5Ap%2F9NjSBNYH%2F7nowGgiO3z46qGOem0KDV9hxSs%2BDIdCwAYyP%2BO19otOHn1yF%2Bxs11USgE3eFfX6VMPYx%2Bw23xiYWw6iSexVfAH%2BOjWggDgu6Lh1YPDqcGsMwDynseQvsoP%2FY%2BXOFCwWvJMwQm41IO3Hd%2BgBYVShXePoslW%2BT6NmFg5xIQykjO3YpIdoWV8LjRDJkAH3qSsLoL2SYPrfilCFBNe6Sl%2F%2BmZutkg6UFDgXos17aBfmJxcR6S%2FDCLnr3m3hB5YIXDdvUtqXzBu3ujSsklM9DQBv5udEX%2BZoTH0%2BKasJPI0yGnXdcBwJreGW%2FpIuZ3yPubfoDkWYJ2EVKEZlKl0cO%2FCSpHaXKFa8D&loginFrameUserIDTextBox=j2mcorp&loginFramePasswordTextBox=bridgeport13&loginFrameLoginButton=&resetPasswordFrameNewPasswordTextBox=&resetPasswordFrameConfirmNewPasswordTextBox=&forgotUserIDFrameAccountNumberTextBox=&forgotUserIDFrameEmailAddressTextBox=&forgotPasswordFrameStep1Name=&forgotPasswordFrameStep1AccountNumberTextBox=&forgotPasswordFrameStep1MeterNumber=&forgotPasswordFrameStep1SvcAddress=&forgotPasswordFrameStep1PostalCode=&forgotPasswordFrameStep1PhoneNumberAreaCode=&forgotPasswordFrameStep1PhoneNumberPrefix=&forgotPasswordFrameStep1PhoneNumberPostfix=&forgotPasswordFrameStep1PhoneNumberExt=&forgotPasswordFrameStep1UserIDTextBox=&forgotPasswordFrameStep1EmailAddressTextBox=&forgotPasswordFrameStep2SecurityAnswerTextBox=&forgotPasswordFrameStep3NewPassswordTextBox=&forgotPasswordFrameStep3ConfirmNewPasswordTextBox=&tempUserConversionUserId=&tempUserConversionPassword=&tempUserConversionPasswordConfirm=&tempUserConversionSecurityQuestion=&tempUserConversionSecurityAnswer=&tempUserConversionEmailAddress=&tempUserConversionEmailAddressConfirm=&tempUserConversionPhoneNumberTypeDropDownList=&tempUserConversionPhoneNumberAreaCode=&tempUserConversionPhoneNumberPrefix=&tempUserConversionPhoneNumberPostfix=&tempUserConversionPhoneNumberExt="
I, [2015-06-26T18:25:20.483640 #2513]  INFO -- : Net::HTTP::Post: /login.aspx
D, [2015-06-26T18:25:20.483720 #2513] DEBUG -- : request-header: accept-encoding => gzip,deflate,identity
D, [2015-06-26T18:25:20.483742 #2513] DEBUG -- : request-header: accept => */*
D, [2015-06-26T18:25:20.483761 #2513] DEBUG -- : request-header: user-agent => Mozilla/5.0 (Macintosh; Intel Mac OS X 10_7_2) AppleWebKit/534.51.22 (KHTML, like Gecko) Version/5.1.1 Safari/534.51.22
D, [2015-06-26T18:25:20.483782 #2513] DEBUG -- : request-header: accept-charset => ISO-8859-1,utf-8;q=0.7,*;q=0.7
D, [2015-06-26T18:25:20.483802 #2513] DEBUG -- : request-header: accept-language => en-us,en;q=0.5
D, [2015-06-26T18:25:20.483822 #2513] DEBUG -- : request-header: cookie => ASP.NET_SessionId=gy0z2sij3lddfuthm5hq0zmn
D, [2015-06-26T18:25:20.483841 #2513] DEBUG -- : request-header: host => myaccount.uniongas.com
D, [2015-06-26T18:25:20.483867 #2513] DEBUG -- : request-header: referer => https://myaccount.uniongas.com/login.aspx
D, [2015-06-26T18:25:20.483891 #2513] DEBUG -- : request-header: content-type => application/x-www-form-urlencoded
D, [2015-06-26T18:25:20.483911 #2513] DEBUG -- : request-header: content-length => 11832
I, [2015-06-26T18:25:20.551155 #2513]  INFO -- : status: Net::HTTPFound 1.1 302 Found
D, [2015-06-26T18:25:20.551254 #2513] DEBUG -- : response-header: cache-control => private
D, [2015-06-26T18:25:20.551277 #2513] DEBUG -- : response-header: content-type => text/html; charset=utf-8
D, [2015-06-26T18:25:20.551296 #2513] DEBUG -- : response-header: location => /home.aspx
D, [2015-06-26T18:25:20.551350 #2513] DEBUG -- : response-header: server => Microsoft-IIS/8.5
D, [2015-06-26T18:25:20.551370 #2513] DEBUG -- : response-header: x-aspnet-version => 4.0.30319
D, [2015-06-26T18:25:20.551389 #2513] DEBUG -- : response-header: set-cookie => .ASPXAUTH=C68341BF6181DF6A783B7C3201F530C9538278270DE632B2434F6E64DC6BE5F48BA73E68F17135CCF61D72A2E05B38A079E0482AC84200E9C61A26B487FA5C7F3CBA312718D470C48C940CB9265617D5264DCA4233428DE801EE7A039AC2135E0D97A707AD588650761B67435A18AEF854A03186; path=/; HttpOnly
D, [2015-06-26T18:25:20.551409 #2513] DEBUG -- : response-header: x-powered-by => ASP.NET
D, [2015-06-26T18:25:20.551442 #2513] DEBUG -- : response-header: date => Fri, 26 Jun 2015 19:25:20 GMT
D, [2015-06-26T18:25:20.551462 #2513] DEBUG -- : response-header: content-length => 127
D, [2015-06-26T18:25:20.551532 #2513] DEBUG -- : Read 127 bytes (127 total)
D, [2015-06-26T18:25:20.551899 #2513] DEBUG -- : saved cookie: .ASPXAUTH=C68341BF6181DF6A783B7C3201F530C9538278270DE632B2434F6E64DC6BE5F48BA73E68F17135CCF61D72A2E05B38A079E0482AC84200E9C61A26B487FA5C7F3CBA312718D470C48C940CB9265617D5264DCA4233428DE801EE7A039AC2135E0D97A707AD588650761B67435A18AEF854A03186
I, [2015-06-26T18:25:20.551973 #2513]  INFO -- : follow redirect to: /home.aspx
I, [2015-06-26T18:25:20.554143 #2513]  INFO -- : Net::HTTP::Get: /home.aspx
D, [2015-06-26T18:25:20.554230 #2513] DEBUG -- : request-header: accept-encoding => gzip,deflate,identity
D, [2015-06-26T18:25:20.554253 #2513] DEBUG -- : request-header: accept => */*
D, [2015-06-26T18:25:20.554273 #2513] DEBUG -- : request-header: user-agent => Mozilla/5.0 (Macintosh; Intel Mac OS X 10_7_2) AppleWebKit/534.51.22 (KHTML, like Gecko) Version/5.1.1 Safari/534.51.22
D, [2015-06-26T18:25:20.554295 #2513] DEBUG -- : request-header: accept-charset => ISO-8859-1,utf-8;q=0.7,*;q=0.7
D, [2015-06-26T18:25:20.554314 #2513] DEBUG -- : request-header: accept-language => en-us,en;q=0.5
D, [2015-06-26T18:25:20.554334 #2513] DEBUG -- : request-header: cookie => .ASPXAUTH=C68341BF6181DF6A783B7C3201F530C9538278270DE632B2434F6E64DC6BE5F48BA73E68F17135CCF61D72A2E05B38A079E0482AC84200E9C61A26B487FA5C7F3CBA312718D470C48C940CB9265617D5264DCA4233428DE801EE7A039AC2135E0D97A707AD588650761B67435A18AEF854A03186; ASP.NET_SessionId=gy0z2sij3lddfuthm5hq0zmn
D, [2015-06-26T18:25:20.554353 #2513] DEBUG -- : request-header: host => myaccount.uniongas.com
D, [2015-06-26T18:25:20.554375 #2513] DEBUG -- : request-header: referer => https://myaccount.uniongas.com/login.aspx
I, [2015-06-26T18:25:20.799177 #2513]  INFO -- : status: Net::HTTPFound 1.1 302 Found
D, [2015-06-26T18:25:20.799386 #2513] DEBUG -- : response-header: cache-control => private
D, [2015-06-26T18:25:20.799468 #2513] DEBUG -- : response-header: content-type => text/html; charset=utf-8
D, [2015-06-26T18:25:20.799542 #2513] DEBUG -- : response-header: location => /accountSummary.aspx
D, [2015-06-26T18:25:20.799610 #2513] DEBUG -- : response-header: server => Microsoft-IIS/8.5
D, [2015-06-26T18:25:20.799682 #2513] DEBUG -- : response-header: x-aspnet-version => 4.0.30319
D, [2015-06-26T18:25:20.799753 #2513] DEBUG -- : response-header: set-cookie => U1Kn0w13eeG=1c032e45-d121-47d2-a9f7-147da3d39d8a; domain=.uniongas.com; expires=Fri, 26-Jun-2015 20:25:20 GMT; path=/; secure
D, [2015-06-26T18:25:20.799831 #2513] DEBUG -- : response-header: x-powered-by => ASP.NET
D, [2015-06-26T18:25:20.799907 #2513] DEBUG -- : response-header: date => Fri, 26 Jun 2015 19:25:20 GMT
D, [2015-06-26T18:25:20.800060 #2513] DEBUG -- : response-header: content-length => 137
D, [2015-06-26T18:25:20.800245 #2513] DEBUG -- : Read 137 bytes (137 total)
D, [2015-06-26T18:25:20.802011 #2513] DEBUG -- : saved cookie: U1Kn0w13eeG=1c032e45-d121-47d2-a9f7-147da3d39d8a
I, [2015-06-26T18:25:20.802249 #2513]  INFO -- : follow redirect to: /accountSummary.aspx
I, [2015-06-26T18:25:20.809322 #2513]  INFO -- : Net::HTTP::Get: /accountSummary.aspx
D, [2015-06-26T18:25:20.809485 #2513] DEBUG -- : request-header: accept-encoding => gzip,deflate,identity
D, [2015-06-26T18:25:20.809574 #2513] DEBUG -- : request-header: accept => */*
D, [2015-06-26T18:25:20.809788 #2513] DEBUG -- : request-header: user-agent => Mozilla/5.0 (Macintosh; Intel Mac OS X 10_7_2) AppleWebKit/534.51.22 (KHTML, like Gecko) Version/5.1.1 Safari/534.51.22
D, [2015-06-26T18:25:20.809868 #2513] DEBUG -- : request-header: accept-charset => ISO-8859-1,utf-8;q=0.7,*;q=0.7
D, [2015-06-26T18:25:20.809944 #2513] DEBUG -- : request-header: accept-language => en-us,en;q=0.5
D, [2015-06-26T18:25:20.810020 #2513] DEBUG -- : request-header: cookie => .ASPXAUTH=C68341BF6181DF6A783B7C3201F530C9538278270DE632B2434F6E64DC6BE5F48BA73E68F17135CCF61D72A2E05B38A079E0482AC84200E9C61A26B487FA5C7F3CBA312718D470C48C940CB9265617D5264DCA4233428DE801EE7A039AC2135E0D97A707AD588650761B67435A18AEF854A03186; ASP.NET_SessionId=gy0z2sij3lddfuthm5hq0zmn
D, [2015-06-26T18:25:20.810125 #2513] DEBUG -- : request-header: host => myaccount.uniongas.com
D, [2015-06-26T18:25:20.810212 #2513] DEBUG -- : request-header: referer => https://myaccount.uniongas.com/login.aspx
I, [2015-06-26T18:25:22.709219 #2513]  INFO -- : status: Net::HTTPOK 1.1 200 OK
D, [2015-06-26T18:25:22.709335 #2513] DEBUG -- : response-header: cache-control => private
D, [2015-06-26T18:25:22.709365 #2513] DEBUG -- : response-header: content-type => text/html; charset=utf-8
D, [2015-06-26T18:25:22.709391 #2513] DEBUG -- : response-header: content-encoding => gzip
D, [2015-06-26T18:25:22.709416 #2513] DEBUG -- : response-header: vary => Accept-Encoding
D, [2015-06-26T18:25:22.709440 #2513] DEBUG -- : response-header: server => Microsoft-IIS/8.5
D, [2015-06-26T18:25:22.709492 #2513] DEBUG -- : response-header: x-aspnet-version => 4.0.30319
D, [2015-06-26T18:25:22.709517 #2513] DEBUG -- : response-header: set-cookie => U1Kn0w13eeG=ef4e4ac9-1591-420f-9e0a-c5f091e4c251; domain=.uniongas.com; expires=Fri, 26-Jun-2015 20:25:21 GMT; path=/; secure
D, [2015-06-26T18:25:22.709543 #2513] DEBUG -- : response-header: x-powered-by => ASP.NET
D, [2015-06-26T18:25:22.709567 #2513] DEBUG -- : response-header: date => Fri, 26 Jun 2015 19:25:23 GMT
D, [2015-06-26T18:25:22.709591 #2513] DEBUG -- : response-header: content-length => 14315
D, [2015-06-26T18:25:22.709708 #2513] DEBUG -- : Read 14315 bytes (14315 total)
D, [2015-06-26T18:25:22.709871 #2513] DEBUG -- : gzip response
D, [2015-06-26T18:25:22.714054 #2513] DEBUG -- : saved cookie: U1Kn0w13eeG=ef4e4ac9-1591-420f-9e0a-c5f091e4c251
I, [2015-06-26T18:27:22.740960 #2513]  INFO -- : Net::HTTP::Get: /login.aspx
D, [2015-06-26T18:27:22.741292 #2513] DEBUG -- : request-header: accept-encoding => gzip,deflate,identity
D, [2015-06-26T18:27:22.741363 #2513] DEBUG -- : request-header: accept => */*
D, [2015-06-26T18:27:22.741391 #2513] DEBUG -- : request-header: user-agent => Mozilla/5.0 (Macintosh; Intel Mac OS X 10_7_2) AppleWebKit/534.51.22 (KHTML, like Gecko) Version/5.1.1 Safari/534.51.22
D, [2015-06-26T18:27:22.741412 #2513] DEBUG -- : request-header: accept-charset => ISO-8859-1,utf-8;q=0.7,*;q=0.7
D, [2015-06-26T18:27:22.741432 #2513] DEBUG -- : request-header: accept-language => en-us,en;q=0.5
D, [2015-06-26T18:27:22.741453 #2513] DEBUG -- : request-header: host => myaccount.uniongas.com
I, [2015-06-26T18:27:22.902432 #2513]  INFO -- : status: Net::HTTPOK 1.1 200 OK
D, [2015-06-26T18:27:22.902676 #2513] DEBUG -- : response-header: cache-control => private
D, [2015-06-26T18:27:22.902737 #2513] DEBUG -- : response-header: content-type => text/html; charset=utf-8
D, [2015-06-26T18:27:22.902764 #2513] DEBUG -- : response-header: content-encoding => gzip
D, [2015-06-26T18:27:22.902789 #2513] DEBUG -- : response-header: vary => Accept-Encoding
D, [2015-06-26T18:27:22.902814 #2513] DEBUG -- : response-header: server => Microsoft-IIS/8.5
D, [2015-06-26T18:27:22.902839 #2513] DEBUG -- : response-header: set-cookie => ASP.NET_SessionId=e5xuroh0fkl4xml32vmkxrjn; path=/; secure, U1Kn0w13eeG=f5397877-293a-4f38-a88d-4e2d16a40f39; domain=.uniongas.com; expires=Fri, 26-Jun-2015 20:27:23 GMT; path=/; secure
D, [2015-06-26T18:27:22.902865 #2513] DEBUG -- : response-header: x-aspnet-version => 4.0.30319
D, [2015-06-26T18:27:22.902890 #2513] DEBUG -- : response-header: x-powered-by => ASP.NET
D, [2015-06-26T18:27:22.902915 #2513] DEBUG -- : response-header: date => Fri, 26 Jun 2015 19:27:22 GMT
D, [2015-06-26T18:27:22.902940 #2513] DEBUG -- : response-header: content-length => 21825
D, [2015-06-26T18:27:22.903061 #2513] DEBUG -- : Read 15904 bytes (15904 total)
D, [2015-06-26T18:27:22.903269 #2513] DEBUG -- : Read 5921 bytes (21825 total)
D, [2015-06-26T18:27:22.903387 #2513] DEBUG -- : gzip response
D, [2015-06-26T18:27:22.910458 #2513] DEBUG -- : saved cookie: ASP.NET_SessionId=e5xuroh0fkl4xml32vmkxrjn
D, [2015-06-26T18:27:22.910933 #2513] DEBUG -- : saved cookie: U1Kn0w13eeG=f5397877-293a-4f38-a88d-4e2d16a40f39
I, [2015-06-26T18:27:22.919666 #2513]  INFO -- : form encoding: utf-8
D, [2015-06-26T18:27:22.922045 #2513] DEBUG -- : query: "__EVENTTARGET=&__EVENTARGUMENT=&__VIEWSTATE=zuDR5%2F1AjDVFSYVsMyy9aSjxYrtS1Zaz3qNWEoSZshKkWq%2FxIocS0chhiyh0Y4n9TWQfQ%2BqzMPKEHWCPoNDYclwbAMHYaA0GXGQk3%2FwckpJL%2FFC%2BAf6PSakHW0xVAP7uXEEIfuZWMa38ZV3icv4THolmxFCpIavQoocODWnfFa%2B8z8GmoA7bwMLm37q3mjSiMUFbUoPSglobV4Cxk2ko5t5DiBgQugZT6Ho%2BhX%2BpLvBOGVXpJx3Vqyb3VbY71G8ySTSTLWMP1BKkvu3ViTRsUEverorkafcW9%2FjSOO6WOZEKfoOaSW1SNvhz2ItKb%2BoRTWLi0CD9FkymT3mQJptFZYlhFavdy7NGBg7tcM4vJeExTxN99aiRUhTsIwy2Cja%2BkL1bWTvSf%2BNXVvycSPBnY7laeO1Q1Y0ntCb%2FMwQImzJ4jV6ih%2FcFMPOWaWVcoMY9jo3WiqKBb7lK27ocDvDGxiwOEvciiD%2FGHOlk%2FaOhN9haGaTmSMjcdo8VQkDPrCPDjAU8hF6nL4gRbPd2WECtCjicNqtJfbcHBiAa75Z%2FlztQKVijAkPLibotcmSbfa07X%2B5QUEshVPl%2FfNOjnMArY6cooGce4pS8uvZgaJybD75F19KRDaVE7zRh8UG6hYNmTrrKMRMwFuOC6Dz%2Bkb6bh1FNmpD7AboQ3LtcO8WcWRj3EVAUaBKcdL2toKt3iNw2WeiRtugz0M1%2BbBD75NZUIpe0WDbtYWcth%2F%2BNPgP%2FNvTx1EQsTGAOrxGqLb6s%2FmFTeZMHGZqge5akHG7mmGQYLAgxBMlZJeb8p9rETwXHP1UhRHIoNcJaDHhQE%2B4IqtE82HdI%2FLvswotRzhkf%2FLKTyekd2hH6B9uMPEJWnKYCyo%2FaQ%2FfQSIup7GUSpHVlc9GpFh1FkZvfrWgeGAj6bk2pZlIUxBuSh1SZIadBkwJDFTAbKuI9Taykg5qzQCGKiSUMtizaXdtz4o9Shz631DJ99bxW8vW%2FUQtVRTaPSk%2FRQCh14v5rVAhPrfHtzepJzVZ3wQSpO4qdRe5UDJt5dsBCgt31QclRxjmoTDX6rwhcODM7g2U7QhthAnPEnb%2F8gGTdL38pYXpXVaQLXWNQWlqTgXFgkwNI0chlGpqB9p07R3UpwQUXk%2BUXUY9O47bQ4M9SezqYmahuM3T038J0%2FMFxlJSiP4l%2FmxwJ8UoK3nZQjSAmMBsOEPD1XMYKm%2FvJym45HfWRqjnzWsnNTSmn%2BKv2CM98mMJj5t0XcK63e3C9QHGYbtNzU1TQ5xZDxU7KXidaFn79ElnAkZRbdoW02meImgJvh747A3yaWQ1q5sbwKL2aYtRSKiwyd%2ByCjD0iXEIJfOkQdMuw7w%2Fd9kRRJ%2B9kH2mqC2MMQP%2FSVIKmLwgmZ3A2WU7A7PE9C99j%2F8StiHGCVGZlqXWb7YA0BicMh0kwYJVoq3VAE7UvWoSztf2Vz%2FnbCS4JyAT6%2Bdl%2BK0rqRQ4lpdhBuEZRkahSaRStUwgK5JjhjHTjiIUMs5dq1pP2yTRJvIynPX%2BxYLyGfRLLHLNJh74Qewe7J2yY3ktR0laCBe6FrJsLU2oM4KWmFbY%2FEDgx1Xgl1hIvVsxJwvk1ryorOxqWupO0UJ31pxOjaTLIBLR97cypyswKuokYsuDGCFnVW7LtqNmHDHTsTBq1vrwQ4r7k%2BHNyVhMyBUmpq%2Bu7nd2cp635V4D6%2BmXreeBDzXfiT%2BWWRAv7e1%2Fy6BzyLasQgPY5zOvnS10e4EeqbYQL14ECnqoWREvGxLPVqJ%2BuUNXM7HDyOaJVU9geNca4BSoeImxqqSEimV20cy9%2B10Z2q0ox52IqkrjFkYPmXd9IyH0VdWIwnikIn1FvL0nf%2BOpPzNZI80IEajM7P3rJHO3ygtpOZhEKuLxShI5HdvBB1nUTzjhrIWEREzOHr6aqdwV73e4ebRmPjCGQ9x1N94Ifp2c2Ho92%2FIUFHSyYOCbWtzvpIWxbRdr6ep5AXdXXdijwtW7LhQ02rF5ULM6dfLJvxQHUEeM0u3eD%2Bqqwlj1T2vLamerQl%2FYfIaAJCQyw4BXcGJQffiKyIETVlY4NXXNEDhNAabooXIccNpZFEGSoNZOOsHdLncMVO6r%2FvYTP3hpXMC33Y5kKV1BOCqN665C37MPz82RdY3kuD74Hw%2BB7qMHq4lJVHJDa1vlbkTe%2BzeihCgwPpWoTfejIx%2B%2BVDWSe%2Fc9q22D18W1UI7UJ6iNSunqfP1VF1VpDxQd355DTcuj4AH6Bohql8hq1X0fhIiyP2q51Ldh76iEyp1qL9bvEGkDR9C8KC6QMyCqHxIAuNdt8cS5Q%2FUltxKzwPz%2BNb75IStGIf5v0frNyk%2FHa3uimKk4L1HtLDRAtWUZ28le29AecCRS3NCPD7A6Q2KhtqBjP%2BaP7oFze9NRniSL4UbqjjXhFdBriaolZSmaNgZbbk71zAUxtA29rGzFAlk4grbboWo%2FFiva%2BlRQBKPOq18HOXE1%2FFwivEKV5odaq90I06fnbtkq2QM8jqO3sXfaQw4i50m2Hk9%2BBOqps7wQ669n9rRQc6iNXZGqi9JhYhVtVyjkh%2BCjRk8KoWhNxDQNOUKKPSAlxeNX5kkydI7MOdum761aFEHQnmtX3qIx4UPy9Fqx2tCnQYV%2FFBkAJCMXxdGH5KoSKZTgPOSMzW3NJYvCJsMPVR1MoH00pF6m7i9HHuEe%2FgcltXo%2FbJwTMiHRLvmMv%2B1ft3d3ZAV5zql3AIp3DptOmYg52lqEympmUWH8dPuKCbHEOMtt0zsDTk7q86VlhK%2BE36NH0Pg6xpfs9GGak28XT7FPVsoB%2FSAaBdKMNAfmtYC3VhPqw9mCMtS4ADqgsRmVBTptiEO8MgQMt93te1XFp316YiXHiRtH78U%2FPqCZNjsuxDv8ee%2FRWynkQTMpiqK8vL2LrruZE0R3IKSzI11A8KPbC66zO7vUGfXzUFAXXg9YQ76TtBiA5wdG%2BSQoEZQIoi5eIkABrALSr%2B8cIPzp8YqUkKzV1IKDWUjv76zJfRSpXhHnDJwXA629%2B41nqAdQ9VuUVgw65evrMmFd3wmmftDM7iSrSO1Yw8V%2BvF%2F%2FdwqTs4whSLQpNoBCQXKW9bdK%2BiKN5dH5PcJThc6Y9DDDLXe3QbxxP413aOqqGaB%2BYIN%2BgySlhdYMunvmW9BIxye5670fMX%2BSQaXWQEwWQnb%2F8qoKsWDEwas9MxV%2FOL3nLbzjVkZ4w1v%2ByYNoJLEFS%2FJCJYK35BdD9dr70OhlyZoz4hoah7W%2BGhBkm%2FxxouJJXVAGR%2B%2BErJVemXDoSRlyvf%2F35cMIFh2mLWwhWywLl2G7cvbAmg4j4U3QqJJ7caKcpS084WAP3smwVVj1gnmroCYzVWPsRnLgD2TmIR8gliAfTH7HmY%2Bkul9AggnhhSP1aoOorB4aYRgiWtGyHofMQykdTRksjFjlIOScswAYm9d9UgssIO7c14fYoTKtLcLeViC%2FAsaLFQ88%2BmgHXtfpyAlKfldlQEgp9852RC8RbALSi6pWZcpWyhysI91RrWLzlQowgy726oLFPbVT5i%2BZFx37o71MWpXWVN5axjmtyo%2B8G41bBFPIbpr5OGk%2B5NLaY3MLnknFHRCgrRnGeZDiXEgM%2B7R3tUTvtn6iD7ACknzr3LWM2onjEHR2ibv8iTYhAfltjG%2BHcm%2BzfzKATlkcntUCwzqnKe9gZ%2FooiEeXvIjzPJQ269%2FvFU05zLieoM2CWeSH8en%2FMpFWPT9Aj8fJB0Y6FP%2BNYOp0SHvhoG62v0%2FjRcbsFa%2FiME9%2B1fIl8Gy2Dmv52q0JvA%2F%2F6QKJHoG7qMpbsXMuOftTvvdv9lHM7NQO9vDUePGqIiDp%2FZ8I%2BijfnwNs8DDAh0h4VxDP%2BTCrllQhuwk2L1n4VDoxvNVBmrWqGPhsSKX5rbB71HoEeu2JA93P8i9bOqFGO2NdhZxodcOVvZo635ixVAFGZdmNiPcf08gs28XYGsHK2b0J7Sr76bwJzTEmGQSXim9BalAYEgDueL8koOBdaRvYULao%2FWmpDZnAlIDc45LjtHiS3y48%2Fw87Gn%2FbByUIgCDB6JMeQ%2BMHOTe7DeNO8pp0y3BcxZHkpYohcQJHIXCOeWJnH2lUbMbUaMgGf3bhemLlOq7OQgzcg38PHq%2F0ZdWIezfnXDb4M4gM5nvUoSVy9%2BdeaWe9lcnhTpUeHa5Y%2Bam1c9xPFBMQqAEcyyNX%2F57aW4x8BVV1Kw5R6B5lQu%2B7DaPZua1y8tlaGhF8klGELZqbO%2F8bhJsCjTRdcPKsyugBRspWjzMLZOzvqcUx1htB9JaSw%2BMiHVQauoliuXlu04wonZsrP5f39gcDVS5LMf1tRTG1vkOjx1E9GvG5pgjuXriXL9rVSznTJpHBm0ptMBZy9TB30DVFhj9PoX%2BypuM50exrjZjdd11fOa9MSVkfzWcRTyvFmyC2wm9vAHlcuFjuRKOU778XwZAOHB0Cc9dIJ8heAsJIuUNIM3LBFMXNQ%2FUgpcsua1CvPaGj2R4U7TwpTzLHeGxyVmWOpAh%2Ff2pRf9jmt%2BT4vYJHslI91VVP7V2CfyBJO%2FELzt7GL8t1tNvqnJy6Bg%2F72t%2F2h6FLHJdXajw6BwDsyPnWi32pSXN%2Fql8x%2B0uUoG1%2FqFyIavNlbErqZJRCZwwcWAjs4zXNQWv28x2c0j0WbMWOqiSpzqbhq5TIXoUzneoJAE3DF%2FZXMTK2j2olYoG3D9a0SetuJztGb5Yj3Cu9Ho5Hax6%2FAqwtGbrgwUxGQ3iNgccM5P1IRjG6Xmqu1vmxVAE1%2BvP9eu4W9y4tJT7H2HqNeX7fsPdYfE5rql35sWTxmEq5%2FVW3AY91kkgt9Gn1Ujff02%2BN0uBSuW%2BM%2BDgwm%2BKS6t8tJ05CqI5HhdClFn4d2mPbUB3qiiFbwVfCJyNkmKShGwsGkHSZB3p6mRqC9uHlHpQoD2IVUuo6nk7%2FXfMcZcZNSb%2BhrFfLEyiBw05L4q9CJFWevVxdCKjuSWyEpHhyaDyOudxVQA3cD2Ic6p6M5%2BZMmSOTv3cze0rHuixRRQD1cdG8KtB4KT19UBFN6cNiOtYaZyjKdOKeY9Sd0CbMr1GU3Un%2BltQ8e9tLMlS%2B5D4KLEJEpfm3kOjteGmmH%2FPDMzwBq%2B3yZ1EWyQ43uw4qOAeqAs8o5R6q0fFUvZIPenjIdEvQ5YeKCP9NDY6WTc7J%2B%2Beh9Hck0jMn%2Fo0Sg4QbQcO3NkbKJf5DQqoERujP5mAVymRPlijZ2gP%2B0kBQ2KaKSkECxfneo%2F%2FKXrHMGzn%2BHG16otD%2BIoAbhtzLB8DwjazrbG4RL2uiT63UzFXRUuF%2BJHBjwdFF3mkz7uuN2OzQbDJxFMIRkrZH5fyI6%2FzVKE0pHBITYpbEYfxdoTfLmymvFnnylz3J0BwkGBakV2QaWF6r%2FGVZqGq5NDealqHGLRVVgzATdYhW8igCXah82tbZWZ2FHOM5Df2HBMsjNqC1PrxupdkDyDA3ZN%2BMeoI5dAQsiP3RJg0Zkmy7CvhcEUVJFxojMuvFhao4eqaT97F503I103798lLbnwqn7EuHyWy0PEAOVz83IQQFwK4ZQZYxeGDtZaYP0TBMfvmswen9geC2F8pQz9PkR0O8jF2lxP7Kz6qlon%2FAGR%2FL9IOaKaLSybRbVs9WGD%2FUbPrRxOjoadh1127NWVBuN3by8inju4mPe1lQJ0p65JU1y3lE%2F30QII5ipg6gTATXg0%2F10rtuGNlZPs9FwCsC8vD%2BBWpzl8WOAfcMkBX%2FLd8bH0AntuFEF7c%2BanwaNDz13firEnlYpCIaHYse68X2F0iodQDl9vj5OW6cbP8OzI8t5hINSPIrF6FkLLfCwXvNGld5WMPFbxQ2PkBUyx9IFy8qErNnAO2XgziDuwpp%2FQl2EFFcbYB09kISgAx4Lv9M5S%2BPdZtkgRsbMZA350fQ%2B1x4J01LDKCJPwMhvPVjB45D8j1qxIl0h%2FgsPlZlAcGcj%2BBTD0Q5mBSglVLS5PMyScmgNg%2BzcE0D%2BAdXelrb3e72iaVJg%2FcPUCxOOIGN7FVQBqH77hu9zwJ300kKLiB8f0XNQ0i7zakhFQlnaIdrZ2950O%2FhZrJoSEDgzVOcnVkGbV4%2BRvo0MYxn1JoKVRCCkF2yvPP28MHspFA1cyB6oGKKc7v448P8Fm3Hp%2FsoyTuKZMxuz2CDirVX0o%2F0NmqmRabNRmEFhAKToQATJoCO5LOMeezs1ibqB9WMfyPe0Kiz2M%2BCrZD0YESTAT0TSXlK9D%2FR6%2B74ntiu3TcFX58bCHYL3L%2FIqsO%2BPrWFxA%2FeCKd%2BZCNZlmU1eEHVaIO9l2i6ElZL7UioGaKWUyASpg7%2BlIx5tNLzzKFm4Hs9FczfBJsAh3TErroeLv2fiGY6K5xA5rtKatxjyh3yYQsz3%2B%2Fgfbki6FxWJ1BxCBP%2BSxJa3E%2BTF8ACza31hETJ4Z3vgV2GVCjc4mW26lHdCU1sUPlXtn8XGJBmLFq2se8zWtLRLVaH1LFDjQC08siaFfP8GcW%2BRAnouC8HLUOtvt56K13VClkopbUv6iJdvNz1JgzEwVBWupPtYbfUJsRJW8FfIW2dKD5KWLh3DKDu9W72hi2dsw4yQKa5agAWrJ%2FxQFE42tZl9ELxUj2EtFnpMbvwQWPIrhb6t6EqzP5ZrTFb%2FAxX2KjL%2B7ZKpieWEWhGLbm9QgEW%2FNAs9ghU7RzAPWmIYub91AP%2F0%2Fx2NWqIrHn0e5U37KvxLzY4qJtIz0zG%2FvMoeBAdmPoWXBpN4sH10pwNK4SE12nZwsY9ZABwlWzvj6QAEhNJq%2F7208DU%2FNKKSGU3YdCebIafBaJjj2%2BX5wvltfz9Wmt8COBNC7oNy2kR6jZ1uR0mpiE%2FbxCtXJr0lob1aCTk%2Fc1VHvHbbROWsy5eo68XbNBc5FZ7%2B%2Fj1GZALb4pK2lw9Uh00GOoGVVy1%2FiKwbN9L4SKw5V7Rxs8HaHS%2Fr9LCsqUC7tUtWoC4SIUt9Fmn8TheiXAdvEK8xqY5jb%2BXq4PgD6uC4E%2BYRCENXH1W3%2FELh3DWeSWi6jfDCx1ghkPGFIZ0CDCQY2CcDqFO2kdr7mb3VR%2BHMchkZVcJ3Dkp6jrFk3ejcpiVu5guDCXQ2SAvAHXdzvXBZXt8mVDkFdgdB2fhQtwkEwZRj2kBfock5TrYKfYrU1xsH6HIZTkovtRoTbFb1ZFEyDr6bV%2B5zrHkl15ZNcQND0sa3kZklCa5LZoKbhx50BD0H9H87kcR9Wx4S26q0MwnrxNAbx7K0EoO1ozPcQ5wVCGt57ozPP1YfFSjTicakVkHPyi%2BcpzUiSf%2BOatgI2hozC6eKWegnPLnEQycz9GRWQzEQFR%2BjbgYm5Ppx3kHHwhLf3fwqlFqGF85xsz5Nwb0sWJ0V650CGX%2B6tIIfigcWUkXwG%2F%2FmQO%2FtWuf8Z0K9yULLZ30P8smTT8hTgd6N3%2Fx3%2BN2BLId0eWRD9cgbSZKAifh6ZycWyAPGBW%2FPI05%2BSlI5P%2FqjEAeaT6tLn00koo9Q0lMycDF%2F2ncyZqz6NTznDsC%2FP2fFtjCbLeZc90jy3CWbfHzwGQxpyFmSms5lpMo55koNxGORuBuacP6mYT1QxYabB5YSLQI4eDZMIuhwsGwmEPykYRsiNm3dbyleROgOFZewkvD3r0%2BJW1AA2gMHM9vCalLs6N0kqPx4oflXxCGjYQ1gESWZ7dtJSyMX66EtW%2FkLyTu1E%2B8QZnQNhIboymBmv6Ok9sniy9wgzbZvCvHWAKAYijaAkf4aqkebnNvr%2BZ%2BGhDSujYv2gxQj3pONtYFDLpQWjLBjlE5WNvJnZ38cydtA%2BaUN5f1N3VWv7w7y4hMLif6t%2FbRHwPJdufLNaF3Gy9e7r6j9lcZUnzsDKvGcKYhV2dvfUHeY3XCAEAdupLFegSPPK2RSqRSeNgxBQyAtglkCsmY6GAOhwxfYrkAG2Gzhoc%2FNbIejTA5VeRfvlYg39jTvR4TYyzev0ohTVwJSDOMlslmBvoI3DenpnM5kFRziwManWdWhZj5VU34UfMMPmucYkj0oDWvil2EQAldWZCUnn3OYJRbNNIlIJ76IB8vWIfNKZFl1WTWZBYmQ%2BaCbEMsmb%2FvpzA16kVQQrSwbTAb%2B%2BcZ2VpCX03atSNtrFCC5B4Z%2FXy11mSWDl0LJMATPGfQBeqK14IMQcvbkIA4BQeO%2BfjtRuF7KvrxSb8jaV%2FH1NZmk9BRoLFEhoRFoEIuNT3Xd8soyuIEfOYznyyaKk%2BZw5YZYI5bPVSvuDHhhJ93Y14JRjUQ6OT2B3rva0wA82PhAmxO58%2BcnscPWclaCGic%2BZLLtkR9Cg%2Ffs0EewUdGxr%2F92Y8uUIkZIEPVVZ4YvvaXEwyYWWr6CzpKjwMOVI91GyWCg0Il4UFBA578hAigvi0jfgBiUvNeK%2FF7WjZKPJ0zeufAkj3WIGS8vG0urwQlZ6TNKob%2FKGx%2BAX%2FqN2sf4UYtWJtDk%2F2kGlJk7jBwMEnomtew26aqKiK%2BXGBFT3VyPZy0PLOvcOiSDpVscJ4cA9PrzlCMPTKNfMK%2F%2B4ze0HCcdammgGV2DK4ak4iXyWTsneX1IBBiDqm8BUrSyw%2BOnoWyZDY6Q%2FlC8hRmNlWPxe3VO0x5T%2ByptgX5Ekm8Oywe%2FSBoTpTNBrDK3sYkQN7%2BcVTMiol85oX7hN87sLy%2FEvTcRgtZhfGGIhK9Ajhv5Ww%3D%3D&__VIEWSTATEGENERATOR=C2EE9ABB&__VIEWSTATEENCRYPTED=&__EVENTVALIDATION=WDTEfa5PYRA58r5aaTpQrsMiVyB364oCyzyUIIibJseoEr2RoJjz%2BT20a2wTWX0p5eKTyhuYeRAIikgCnss7AnVdDHIiW1VnqrdlrkINLAF88ZzNVLOjfGt6Rk9NXfLtahWPxQxn1DdGsHMr9k8nri62pseCN4%2Fgjx5ootkXLpcoghAvVkao0sgCIEZwDjWspuClGI6WLwqwFktXCRZR1jWUMnxLjRLc2UcEJqbnRbtFdQQh1dGKMN9BainOlq7AsZEx209YUdxEfr4orbdXXRHh0qGJPHfJJNFO7MoOcpFfCYz5MCW%2F3z%2FKIqzw8PnRrnIYUennECi991wGR3w5jqu58MP%2BHyTGiWrYm9pcmBbec41IOJrAv%2Bvjk7XQs4PEGgaFs5V5R9NHejyscm2%2B5m7gYtlySLVkXDnUTLncfQcTbyZlwjDBSyWX8hhen9ZJjFdqtllhl3ME8K8awFPVaXpp%2BgpO2qcBdu%2FzqU2NDPyT5zAXWkparc24enc7GauykhvcpBUsd9wl%2FPqp7KR%2FfKUemtGNG%2BvBJ1zzbfDGOCxbtsy9HpVIVcfBFsNH7C5CwwHvsR6SD%2BacxEfP%2FQFSfoYwOCbZsPzrq7mqseG%2FsZK6q3VBBjM4bLrQCy546qaKWa9ABBzLhOHaB5aualieuJmotD%2B9uxSmk8f%2B9yyGoPcRmRriDA%2FtRL4yeSUwtxtxDfrdFC8f%2FFcKM1qBAYUXhXzUClMawC6w54pHw0Dx8T%2Bup6RpWdtypBoISx%2F44d2LV5cuTfjCLlL62b4wBvSP8MQU3capxc5tRzaTxRAYPZ5lrSmDfgjBJfgglg%2B3byOlTNvC7GodSstX%2FZaGoN67gmfXaaSPWrvbabwF%2BjuUcchi1t%2BvRotWXH3L8V6EIwPSMw1zkMqDUEaVwGBATcsNfDjB0YlDqNzdXHnZ3cizm43jc92I3%2F840BCrvZRe1Ji%2BEgnt2exOC4zLcI%2BeST8hOJ5tHRdCJTwmZN5BrcvvcXZqJEnFiPft0blKsYO5v4q6dXHgqANoJipE%2Fm61CWT8dQtNHEiGV2fHpGFEO19xIYtuVMX5eMz8M83pDG3pz2O3Ys70%2F1k4mdO6uEjXg%2FSmVRsmuBncdid32kPTndGn3QJ8TlwK&loginFrameUserIDTextBox=j2mcorp&loginFramePasswordTextBox=bridgeport13&loginFrameLoginButton=&resetPasswordFrameNewPasswordTextBox=&resetPasswordFrameConfirmNewPasswordTextBox=&forgotUserIDFrameAccountNumberTextBox=&forgotUserIDFrameEmailAddressTextBox=&forgotPasswordFrameStep1Name=&forgotPasswordFrameStep1AccountNumberTextBox=&forgotPasswordFrameStep1MeterNumber=&forgotPasswordFrameStep1SvcAddress=&forgotPasswordFrameStep1PostalCode=&forgotPasswordFrameStep1PhoneNumberAreaCode=&forgotPasswordFrameStep1PhoneNumberPrefix=&forgotPasswordFrameStep1PhoneNumberPostfix=&forgotPasswordFrameStep1PhoneNumberExt=&forgotPasswordFrameStep1UserIDTextBox=&forgotPasswordFrameStep1EmailAddressTextBox=&forgotPasswordFrameStep2SecurityAnswerTextBox=&forgotPasswordFrameStep3NewPassswordTextBox=&forgotPasswordFrameStep3ConfirmNewPasswordTextBox=&tempUserConversionUserId=&tempUserConversionPassword=&tempUserConversionPasswordConfirm=&tempUserConversionSecurityQuestion=&tempUserConversionSecurityAnswer=&tempUserConversionEmailAddress=&tempUserConversionEmailAddressConfirm=&tempUserConversionPhoneNumberTypeDropDownList=&tempUserConversionPhoneNumberAreaCode=&tempUserConversionPhoneNumberPrefix=&tempUserConversionPhoneNumberPostfix=&tempUserConversionPhoneNumberExt="
I, [2015-06-26T18:27:22.924407 #2513]  INFO -- : Net::HTTP::Post: /login.aspx
D, [2015-06-26T18:27:22.924482 #2513] DEBUG -- : request-header: accept-encoding => gzip,deflate,identity
D, [2015-06-26T18:27:22.924505 #2513] DEBUG -- : request-header: accept => */*
D, [2015-06-26T18:27:22.924539 #2513] DEBUG -- : request-header: user-agent => Mozilla/5.0 (Macintosh; Intel Mac OS X 10_7_2) AppleWebKit/534.51.22 (KHTML, like Gecko) Version/5.1.1 Safari/534.51.22
D, [2015-06-26T18:27:22.924561 #2513] DEBUG -- : request-header: accept-charset => ISO-8859-1,utf-8;q=0.7,*;q=0.7
D, [2015-06-26T18:27:22.924582 #2513] DEBUG -- : request-header: accept-language => en-us,en;q=0.5
D, [2015-06-26T18:27:22.924631 #2513] DEBUG -- : request-header: cookie => ASP.NET_SessionId=e5xuroh0fkl4xml32vmkxrjn
D, [2015-06-26T18:27:22.924655 #2513] DEBUG -- : request-header: host => myaccount.uniongas.com
D, [2015-06-26T18:27:22.924683 #2513] DEBUG -- : request-header: referer => https://myaccount.uniongas.com/login.aspx
D, [2015-06-26T18:27:22.924703 #2513] DEBUG -- : request-header: content-type => application/x-www-form-urlencoded
D, [2015-06-26T18:27:22.924722 #2513] DEBUG -- : request-header: content-length => 11774
I, [2015-06-26T18:27:22.989704 #2513]  INFO -- : status: Net::HTTPFound 1.1 302 Found
D, [2015-06-26T18:27:22.989920 #2513] DEBUG -- : response-header: cache-control => private
D, [2015-06-26T18:27:22.990003 #2513] DEBUG -- : response-header: content-type => text/html; charset=utf-8
D, [2015-06-26T18:27:22.990075 #2513] DEBUG -- : response-header: location => /home.aspx
D, [2015-06-26T18:27:22.990150 #2513] DEBUG -- : response-header: server => Microsoft-IIS/8.5
D, [2015-06-26T18:27:22.990224 #2513] DEBUG -- : response-header: x-aspnet-version => 4.0.30319
D, [2015-06-26T18:27:22.990300 #2513] DEBUG -- : response-header: set-cookie => .ASPXAUTH=11983AF1218F6703078236C2E6D9F0AC42641F208FF75017871B1000485685CA2937E5E12D84FBA78DA2E70C8F72CE3629430290B318802ECDB1B06BF8BD065A543AEEA917D9F99FA7FDD1F2D8B6C1FEFAD2547628329DEAF9AD053E152303BCA6B7CAD065D934F743C2BFD43A862A38F850636A; path=/; HttpOnly
D, [2015-06-26T18:27:22.990375 #2513] DEBUG -- : response-header: x-powered-by => ASP.NET
D, [2015-06-26T18:27:22.990515 #2513] DEBUG -- : response-header: date => Fri, 26 Jun 2015 19:27:22 GMT
D, [2015-06-26T18:27:22.990596 #2513] DEBUG -- : response-header: content-length => 127
D, [2015-06-26T18:27:22.990789 #2513] DEBUG -- : Read 127 bytes (127 total)
D, [2015-06-26T18:27:22.991780 #2513] DEBUG -- : saved cookie: .ASPXAUTH=11983AF1218F6703078236C2E6D9F0AC42641F208FF75017871B1000485685CA2937E5E12D84FBA78DA2E70C8F72CE3629430290B318802ECDB1B06BF8BD065A543AEEA917D9F99FA7FDD1F2D8B6C1FEFAD2547628329DEAF9AD053E152303BCA6B7CAD065D934F743C2BFD43A862A38F850636A
I, [2015-06-26T18:27:22.991984 #2513]  INFO -- : follow redirect to: /home.aspx
I, [2015-06-26T18:27:22.997308 #2513]  INFO -- : Net::HTTP::Get: /home.aspx
D, [2015-06-26T18:27:22.997387 #2513] DEBUG -- : request-header: accept-encoding => gzip,deflate,identity
D, [2015-06-26T18:27:22.997410 #2513] DEBUG -- : request-header: accept => */*
D, [2015-06-26T18:27:22.997429 #2513] DEBUG -- : request-header: user-agent => Mozilla/5.0 (Macintosh; Intel Mac OS X 10_7_2) AppleWebKit/534.51.22 (KHTML, like Gecko) Version/5.1.1 Safari/534.51.22
D, [2015-06-26T18:27:22.997449 #2513] DEBUG -- : request-header: accept-charset => ISO-8859-1,utf-8;q=0.7,*;q=0.7
D, [2015-06-26T18:27:22.997468 #2513] DEBUG -- : request-header: accept-language => en-us,en;q=0.5
D, [2015-06-26T18:27:22.997487 #2513] DEBUG -- : request-header: cookie => .ASPXAUTH=11983AF1218F6703078236C2E6D9F0AC42641F208FF75017871B1000485685CA2937E5E12D84FBA78DA2E70C8F72CE3629430290B318802ECDB1B06BF8BD065A543AEEA917D9F99FA7FDD1F2D8B6C1FEFAD2547628329DEAF9AD053E152303BCA6B7CAD065D934F743C2BFD43A862A38F850636A; ASP.NET_SessionId=e5xuroh0fkl4xml32vmkxrjn
D, [2015-06-26T18:27:22.997507 #2513] DEBUG -- : request-header: host => myaccount.uniongas.com
D, [2015-06-26T18:27:22.997529 #2513] DEBUG -- : request-header: referer => https://myaccount.uniongas.com/login.aspx
I, [2015-06-26T18:27:23.161005 #2513]  INFO -- : status: Net::HTTPFound 1.1 302 Found
D, [2015-06-26T18:27:23.161450 #2513] DEBUG -- : response-header: cache-control => private
D, [2015-06-26T18:27:23.161618 #2513] DEBUG -- : response-header: content-type => text/html; charset=utf-8
D, [2015-06-26T18:27:23.161729 #2513] DEBUG -- : response-header: location => /accountSummary.aspx
D, [2015-06-26T18:27:23.161807 #2513] DEBUG -- : response-header: server => Microsoft-IIS/8.5
D, [2015-06-26T18:27:23.161881 #2513] DEBUG -- : response-header: x-aspnet-version => 4.0.30319
D, [2015-06-26T18:27:23.161956 #2513] DEBUG -- : response-header: set-cookie => U1Kn0w13eeG=c030a158-739b-4c96-868c-3f07321d5491; domain=.uniongas.com; expires=Fri, 26-Jun-2015 20:27:23 GMT; path=/; secure
D, [2015-06-26T18:27:23.162032 #2513] DEBUG -- : response-header: x-powered-by => ASP.NET
D, [2015-06-26T18:27:23.162107 #2513] DEBUG -- : response-header: date => Fri, 26 Jun 2015 19:27:22 GMT
D, [2015-06-26T18:27:23.162180 #2513] DEBUG -- : response-header: content-length => 137
D, [2015-06-26T18:27:23.162379 #2513] DEBUG -- : Read 137 bytes (137 total)
D, [2015-06-26T18:27:23.164200 #2513] DEBUG -- : saved cookie: U1Kn0w13eeG=c030a158-739b-4c96-868c-3f07321d5491
I, [2015-06-26T18:27:23.164505 #2513]  INFO -- : follow redirect to: /accountSummary.aspx
I, [2015-06-26T18:27:23.167854 #2513]  INFO -- : Net::HTTP::Get: /accountSummary.aspx
D, [2015-06-26T18:27:23.167942 #2513] DEBUG -- : request-header: accept-encoding => gzip,deflate,identity
D, [2015-06-26T18:27:23.167979 #2513] DEBUG -- : request-header: accept => */*
D, [2015-06-26T18:27:23.168128 #2513] DEBUG -- : request-header: user-agent => Mozilla/5.0 (Macintosh; Intel Mac OS X 10_7_2) AppleWebKit/534.51.22 (KHTML, like Gecko) Version/5.1.1 Safari/534.51.22
D, [2015-06-26T18:27:23.168167 #2513] DEBUG -- : request-header: accept-charset => ISO-8859-1,utf-8;q=0.7,*;q=0.7
D, [2015-06-26T18:27:23.168200 #2513] DEBUG -- : request-header: accept-language => en-us,en;q=0.5
D, [2015-06-26T18:27:23.168231 #2513] DEBUG -- : request-header: cookie => .ASPXAUTH=11983AF1218F6703078236C2E6D9F0AC42641F208FF75017871B1000485685CA2937E5E12D84FBA78DA2E70C8F72CE3629430290B318802ECDB1B06BF8BD065A543AEEA917D9F99FA7FDD1F2D8B6C1FEFAD2547628329DEAF9AD053E152303BCA6B7CAD065D934F743C2BFD43A862A38F850636A; ASP.NET_SessionId=e5xuroh0fkl4xml32vmkxrjn
D, [2015-06-26T18:27:23.168263 #2513] DEBUG -- : request-header: host => myaccount.uniongas.com
D, [2015-06-26T18:27:23.168314 #2513] DEBUG -- : request-header: referer => https://myaccount.uniongas.com/login.aspx
I, [2015-06-26T18:27:24.745111 #2513]  INFO -- : status: Net::HTTPOK 1.1 200 OK
D, [2015-06-26T18:27:24.745324 #2513] DEBUG -- : response-header: cache-control => private
D, [2015-06-26T18:27:24.745410 #2513] DEBUG -- : response-header: content-type => text/html; charset=utf-8
D, [2015-06-26T18:27:24.745484 #2513] DEBUG -- : response-header: content-encoding => gzip
D, [2015-06-26T18:27:24.745561 #2513] DEBUG -- : response-header: vary => Accept-Encoding
D, [2015-06-26T18:27:24.745635 #2513] DEBUG -- : response-header: server => Microsoft-IIS/8.5
D, [2015-06-26T18:27:24.745711 #2513] DEBUG -- : response-header: x-aspnet-version => 4.0.30319
D, [2015-06-26T18:27:24.745785 #2513] DEBUG -- : response-header: set-cookie => U1Kn0w13eeG=50245676-ee40-456a-9fe3-1b91a601d9ca; domain=.uniongas.com; expires=Fri, 26-Jun-2015 20:27:23 GMT; path=/; secure
D, [2015-06-26T18:27:24.745860 #2513] DEBUG -- : response-header: x-powered-by => ASP.NET
D, [2015-06-26T18:27:24.745938 #2513] DEBUG -- : response-header: date => Fri, 26 Jun 2015 19:27:24 GMT
D, [2015-06-26T18:27:24.746013 #2513] DEBUG -- : response-header: content-length => 14308
D, [2015-06-26T18:27:24.746345 #2513] DEBUG -- : Read 14308 bytes (14308 total)
D, [2015-06-26T18:27:24.746611 #2513] DEBUG -- : gzip response
D, [2015-06-26T18:27:24.751307 #2513] DEBUG -- : saved cookie: U1Kn0w13eeG=50245676-ee40-456a-9fe3-1b91a601d9ca
